#
# A fatal error has been detected by the Java Runtime Environment:
#
#  EXCEPTION_ACCESS_VIOLATION (0xc0000005) at pc=0x00007ff9a1b814f0, pid=15232, tid=7320
#
# JRE version: OpenJDK Runtime Environment 18.9 (11.0.11+9) (build 11.0.11+9)
# Java VM: OpenJDK 64-Bit Server VM 18.9 (11.0.11+9, mixed mode, tiered, compressed oops, g1 gc, windows-amd64)
# Problematic frame:
# C  0x00007ff9a1b814f0
#
# No core dump will be written. Minidumps are not enabled by default on client versions of Windows
#
# If you would like to submit a bug report, please visit:
#   https://bugreport.java.com/bugreport/crash.jsp
# The crash happened outside the Java Virtual Machine in native code.
# See problematic frame for where to report the bug.
#

---------------  S U M M A R Y ------------

Command Line: -Dsun.java2d.pmoffscreen=false -Dhttps.protocols=TLSv1,TLSv1.1,TLSv1.2 -Dsun.java2d.xrender=false -Dsun.java2d.d3d=false -Dsun.awt.nopixfmt=true -Dsun.java2d.dpiaware=true -Dsun.java2d.uiScale.enabled=false -Xverify:none -Dswing.aatext=true -XX:-UsePerfData -Djdk.map.althashing.threshold=512 -XX:StringTableSize=4072 --add-opens=java.base/java.nio=ALL-UNNAMED --add-opens=java.desktop/sun.swing=ALL-UNNAMED --add-opens=java.desktop/javax.swing=ALL-UNNAMED --add-opens=java.desktop/javax.swing.tree=ALL-UNNAMED --add-opens=java.desktop/javax.swing.plaf.basic=ALL-UNNAMED --add-opens=java.desktop/javax.swing.plaf.synth=ALL-UNNAMED --add-opens=java.desktop/com.sun.awt=ALL-UNNAMED -XX:NewSize=60m -XX:MaxNewSize=60m -Xms256m -Xmx3072m -Xss5m 

Host: Intel(R) Core(TM) i5-7300HQ CPU @ 2.50GHz, 4 cores, 19G,  Windows 10 , 64 bit Build 19041 (10.0.19041.1348)
Time: Mon Jan  3 15:18:09 2022 中国标准时间 elapsed time: 208.095231 seconds (0d 0h 3m 28s)

---------------  T H R E A D  ---------------

Current thread (0x000001d982f79000):  JavaThread "AWT-EventQueue-0" [_thread_in_native, id=7320, stack(0x000000c64d400000,0x000000c64d900000)]

Stack: [0x000000c64d400000,0x000000c64d900000],  sp=0x000000c64d8f2ec8,  free space=5067k
Native frames: (J=compiled Java code, j=interpreted, Vv=VM code, C=native code)
C  0x00007ff9a1b814f0

Java frames: (J=compiled Java code, j=interpreted, Vv=VM code)
j  ui.views.waveform.waveformi.WVExecutive_getGraphicsDataSize(J)J+0
j  ui.views.waveform.executive.a.lfn()Ljava/io/ByteArrayInputStream;+10
j  ui.views.waveform.c.a.leI()V+7
j  ui.views.waveform.c.a.klJ()V+1
j  ui.views.waveform.a.lde()V+4
j  ui.views.waveform.a.JF(Z)V+11
j  ui.views.waveform.w.aN(ZZ)V+30
J 17302 c1 ui.views.waveform.d.b.j(Lui/frmwork/a/l;)V (605 bytes) @ 0x000001d99128605c [0x000001d99127d580+0x0000000000008adc]
J 17301 c1 ui.views.waveform.w.handleTclEvent(Lui/frmwork/a/l;)V (17 bytes) @ 0x000001d98fef99bc [0x000001d98fef98e0+0x00000000000000dc]
J 12813 c1 ui.frmwork.a.o.c(Lui/frmwork/a/l;)V (61 bytes) @ 0x000001d98f302a8c [0x000001d98f3020e0+0x00000000000009ac]
J 12769 c1 ui.frmwork.E.i(JZ)V (471 bytes) @ 0x000001d98f4220c4 [0x000001d98f41df40+0x0000000000004184]
J 12770 c1 ui.frmwork.E.fireTclEvent(J)I (113 bytes) @ 0x000001d98f216514 [0x000001d98f215d40+0x00000000000007d4]
v  ~StubRoutines::call_stub
j  ui.views.waveform.waveformi.WVExecutive_processModelEvent(JJ)V+0
j  ui.views.waveform.executive.a.gr(J)V+5
j  ui.views.waveform.d.b.gp(J)V+8
J 17302 c1 ui.views.waveform.d.b.j(Lui/frmwork/a/l;)V (605 bytes) @ 0x000001d991286df4 [0x000001d99127d580+0x0000000000009874]
J 17301 c1 ui.views.waveform.w.handleTclEvent(Lui/frmwork/a/l;)V (17 bytes) @ 0x000001d98fef99bc [0x000001d98fef98e0+0x00000000000000dc]
J 12813 c1 ui.frmwork.a.o.c(Lui/frmwork/a/l;)V (61 bytes) @ 0x000001d98f302a8c [0x000001d98f3020e0+0x00000000000009ac]
J 12769 c1 ui.frmwork.E.i(JZ)V (471 bytes) @ 0x000001d98f4220c4 [0x000001d98f41df40+0x0000000000004184]
J 12770 c1 ui.frmwork.E.fireTclEvent(J)I (113 bytes) @ 0x000001d98f216514 [0x000001d98f215d40+0x00000000000007d4]
v  ~StubRoutines::call_stub
j  ui.views.waveform.waveformi.WVExecutive_processModelEvent(JJ)V+0
j  ui.views.waveform.executive.a.gr(J)V+5
j  ui.views.waveform.d.b.gp(J)V+8
j  ui.views.waveform.d.e.actionPerformed(Ljava/awt/event/ActionEvent;)V+8
J 12422 c1 javax.swing.Timer.fireActionPerformed(Ljava/awt/event/ActionEvent;)V java.desktop@11.0.11 (46 bytes) @ 0x000001d98ed88964 [0x000001d98ed88680+0x00000000000002e4]
J 12420 c1 javax.swing.Timer$DoPostEvent.run()V java.desktop@11.0.11 (82 bytes) @ 0x000001d98edb989c [0x000001d98edb90e0+0x00000000000007bc]
J 15781 c2 java.awt.EventQueue$4.run()Ljava/lang/Void; java.desktop@11.0.11 (60 bytes) @ 0x000001d9964d1968 [0x000001d9964d1880+0x00000000000000e8]
J 15820 c2 java.awt.EventQueue$4.run()Ljava/lang/Object; java.desktop@11.0.11 (5 bytes) @ 0x000001d9964fa054 [0x000001d9964fa020+0x0000000000000034]
v  ~StubRoutines::call_stub
J 3571  java.security.AccessController.doPrivileged(Ljava/security/PrivilegedAction;Ljava/security/AccessControlContext;)Ljava/lang/Object; java.base@11.0.11 (0 bytes) @ 0x000001d9962e8f36 [0x000001d9962e8ec0+0x0000000000000076]
J 13284 c2 java.awt.EventQueue.dispatchEvent(Ljava/awt/AWTEvent;)V java.desktop@11.0.11 (80 bytes) @ 0x000001d996b5bd58 [0x000001d996b5b7c0+0x0000000000000598]
J 14705 c2 ui.frmwork.a.d.dispatchEvent(Ljava/awt/AWTEvent;)V (42 bytes) @ 0x000001d996caa348 [0x000001d996caa260+0x00000000000000e8]
J 14708 c2 java.awt.EventDispatchThread.pumpOneEventForFilters(I)V java.desktop@11.0.11 (113 bytes) @ 0x000001d996caffb0 [0x000001d996cafde0+0x00000000000001d0]
j  java.awt.EventDispatchThread.pumpEventsForFilter(ILjava/awt/Conditional;Ljava/awt/EventFilter;)V+35 java.desktop@11.0.11
j  java.awt.EventDispatchThread.pumpEventsForFilter(Ljava/awt/Conditional;Ljava/awt/EventFilter;)V+4 java.desktop@11.0.11
j  java.awt.WaitDispatchSupport$2.run()V+59 java.desktop@11.0.11
j  java.awt.WaitDispatchSupport$4.run()Ljava/lang/Void;+4 java.desktop@11.0.11
j  java.awt.WaitDispatchSupport$4.run()Ljava/lang/Object;+1 java.desktop@11.0.11
v  ~StubRoutines::call_stub
J 1462  java.security.AccessController.doPrivileged(Ljava/security/PrivilegedAction;)Ljava/lang/Object; java.base@11.0.11 (0 bytes) @ 0x000001d9961defa2 [0x000001d9961def40+0x0000000000000062]
j  java.awt.WaitDispatchSupport.enter()Z+260 java.desktop@11.0.11
j  java.awt.Dialog.show()V+224 java.desktop@11.0.11
J 12503 c1 java.awt.Component.setVisible(Z)V java.desktop@11.0.11 (6 bytes) @ 0x000001d98edfe8e4 [0x000001d98edfe6e0+0x0000000000000204]
j  java.awt.Window.setVisible(Z)V+2 java.desktop@11.0.11
j  java.awt.Dialog.setVisible(Z)V+2 java.desktop@11.0.11
j  ui.dlg.c.g.setVisible(Z)V+2
j  ui.dlg.c.bA.bHO()V+65
j  ui.dlg.c.bI.actionPerformed(Ljava/awt/event/ActionEvent;)V+8
j  ui.dlg.c.bA.fHc()V+388
j  ui.views.c.t.b.a.run()V+60
j  ui.frmwork.cmd.a.hOw()Z+96
j  ui.frmwork.cmd.d.hOF()V+42
j  ui.V.actionPerformed(Ljava/awt/event/ActionEvent;)V+25
j  javax.swing.AbstractButton.fireActionPerformed(Ljava/awt/event/ActionEvent;)V+83 java.desktop@11.0.11
j  ui.utils.swing.b.D.fireActionPerformed(Ljava/awt/event/ActionEvent;)V+7
j  javax.swing.AbstractButton$Handler.actionPerformed(Ljava/awt/event/ActionEvent;)V+5 java.desktop@11.0.11
j  javax.swing.DefaultButtonModel.fireActionPerformed(Ljava/awt/event/ActionEvent;)V+34 java.desktop@11.0.11
j  javax.swing.DefaultButtonModel.setPressed(Z)V+117 java.desktop@11.0.11
j  javax.swing.plaf.basic.BasicButtonListener.mouseReleased(Ljava/awt/event/MouseEvent;)V+35 java.desktop@11.0.11
j  com.jidesoft.plaf.basic.BasicJideButtonListener.mouseReleased(Ljava/awt/event/MouseEvent;)V+61
j  java.awt.AWTEventMulticaster.mouseReleased(Ljava/awt/event/MouseEvent;)V+8 java.desktop@11.0.11
j  java.awt.AWTEventMulticaster.mouseReleased(Ljava/awt/event/MouseEvent;)V+8 java.desktop@11.0.11
j  java.awt.AWTEventMulticaster.mouseReleased(Ljava/awt/event/MouseEvent;)V+8 java.desktop@11.0.11
j  java.awt.AWTEventMulticaster.mouseReleased(Ljava/awt/event/MouseEvent;)V+8 java.desktop@11.0.11
J 16064 c1 java.awt.Component.processMouseEvent(Ljava/awt/event/MouseEvent;)V java.desktop@11.0.11 (100 bytes) @ 0x000001d98fbac11c [0x000001d98fbabca0+0x000000000000047c]
J 16075 c1 javax.swing.JComponent.processMouseEvent(Ljava/awt/event/MouseEvent;)V java.desktop@11.0.11 (27 bytes) @ 0x000001d98f6791f4 [0x000001d98f678fe0+0x0000000000000214]
J 16238 c2 java.awt.Container.processEvent(Ljava/awt/AWTEvent;)V java.desktop@11.0.11 (22 bytes) @ 0x000001d996e5075c [0x000001d996e50520+0x000000000000023c]
J 17073 c1 java.awt.Component.dispatchEventImpl(Ljava/awt/AWTEvent;)V java.desktop@11.0.11 (777 bytes) @ 0x000001d990426824 [0x000001d990422860+0x0000000000003fc4]
J 17371 c2 java.awt.Container.dispatchEventImpl(Ljava/awt/AWTEvent;)V java.desktop@11.0.11 (129 bytes) @ 0x000001d996fe9cec [0x000001d996fe9c40+0x00000000000000ac]
J 17466 c2 java.awt.LightweightDispatcher.retargetMouseEvent(Ljava/awt/Component;ILjava/awt/event/MouseEvent;)V java.desktop@11.0.11 (372 bytes) @ 0x000001d997006c64 [0x000001d997006840+0x0000000000000424]
J 17217 c2 java.awt.LightweightDispatcher.dispatchEvent(Ljava/awt/AWTEvent;)Z java.desktop@11.0.11 (73 bytes) @ 0x000001d996f8b040 [0x000001d996f8a780+0x00000000000008c0]
J 17371 c2 java.awt.Container.dispatchEventImpl(Ljava/awt/AWTEvent;)V java.desktop@11.0.11 (129 bytes) @ 0x000001d996fe9c8c [0x000001d996fe9c40+0x000000000000004c]
J 16236 c2 java.awt.Window.dispatchEventImpl(Ljava/awt/AWTEvent;)V java.desktop@11.0.11 (23 bytes) @ 0x000001d996e4fe0c [0x000001d996e4fdc0+0x000000000000004c]
J 15781 c2 java.awt.EventQueue$4.run()Ljava/lang/Void; java.desktop@11.0.11 (60 bytes) @ 0x000001d9964d1a24 [0x000001d9964d1880+0x00000000000001a4]
J 15820 c2 java.awt.EventQueue$4.run()Ljava/lang/Object; java.desktop@11.0.11 (5 bytes) @ 0x000001d9964fa054 [0x000001d9964fa020+0x0000000000000034]
v  ~StubRoutines::call_stub
J 3571  java.security.AccessController.doPrivileged(Ljava/security/PrivilegedAction;Ljava/security/AccessControlContext;)Ljava/lang/Object; java.base@11.0.11 (0 bytes) @ 0x000001d9962e8f36 [0x000001d9962e8ec0+0x0000000000000076]
J 16119 c2 java.awt.EventQueue$5.run()Ljava/lang/Object; java.desktop@11.0.11 (5 bytes) @ 0x000001d996e094bc [0x000001d996e09260+0x000000000000025c]
v  ~StubRoutines::call_stub
J 3571  java.security.AccessController.doPrivileged(Ljava/security/PrivilegedAction;Ljava/security/AccessControlContext;)Ljava/lang/Object; java.base@11.0.11 (0 bytes) @ 0x000001d9962e8f36 [0x000001d9962e8ec0+0x0000000000000076]
J 13284 c2 java.awt.EventQueue.dispatchEvent(Ljava/awt/AWTEvent;)V java.desktop@11.0.11 (80 bytes) @ 0x000001d996b5bb60 [0x000001d996b5b7c0+0x00000000000003a0]
J 14705 c2 ui.frmwork.a.d.dispatchEvent(Ljava/awt/AWTEvent;)V (42 bytes) @ 0x000001d996caa348 [0x000001d996caa260+0x00000000000000e8]
J 14708 c2 java.awt.EventDispatchThread.pumpOneEventForFilters(I)V java.desktop@11.0.11 (113 bytes) @ 0x000001d996caffb0 [0x000001d996cafde0+0x00000000000001d0]
j  java.awt.EventDispatchThread.pumpEventsForFilter(ILjava/awt/Conditional;Ljava/awt/EventFilter;)V+35 java.desktop@11.0.11
j  java.awt.EventDispatchThread.pumpEventsForHierarchy(ILjava/awt/Conditional;Ljava/awt/Component;)V+11 java.desktop@11.0.11
j  java.awt.EventDispatchThread.pumpEvents(ILjava/awt/Conditional;)V+4 java.desktop@11.0.11
j  java.awt.EventDispatchThread.pumpEvents(Ljava/awt/Conditional;)V+3 java.desktop@11.0.11
j  java.awt.EventDispatchThread.run()V+9 java.desktop@11.0.11
v  ~StubRoutines::call_stub

siginfo: EXCEPTION_ACCESS_VIOLATION (0xc0000005), data execution prevention violation at address 0x00007ff9a1b814f0


Register to memory mapping:

RIP=0x00007ff9a1b814f0 points into unknown readable memory: 0x0000000000000001 | 01 00 00 00 00 00 00 00
RAX=0x00007ff9a1b269a8 points into unknown readable memory: 0x00007ff9a176bc30 | 30 bc 76 a1 f9 7f 00 00
RBX=0x0000000000000001 is an unknown value
RCX=0x000001d9bf109430 points into unknown readable memory: 0x00007ff9a1b269a8 | a8 69 b2 a1 f9 7f 00 00
RDX=0x000001d9b770efa0 points into unknown readable memory: 0x00007ff9dd22a550 | 50 a5 22 dd f9 7f 00 00
RSP=0x000000c64d8f2ec8 is pointing into the stack for thread: 0x000001d982f79000
RBP=0x000000c64d8f30c0 is pointing into the stack for thread: 0x000001d982f79000
RSI=0x000001d9c068b970 points into unknown readable memory: 0x00007ff9a1b269b8 | b8 69 b2 a1 f9 7f 00 00
RDI=0x000001d9bf109430 points into unknown readable memory: 0x00007ff9a1b269a8 | a8 69 b2 a1 f9 7f 00 00
R8 =0x000000c64d8f30b0 is pointing into the stack for thread: 0x000001d982f79000
R9 =0x000000c64d8f30f0 is pointing into the stack for thread: 0x000001d982f79000
R10=0x00007ffa34e90000 VCRUNTIME140.dll
R11=0xc85801931038e010 is an unknown value
R12=0x000000c64d8f30b0 is pointing into the stack for thread: 0x000001d982f79000
R13=0x000000c64d8f30f0 is pointing into the stack for thread: 0x000001d982f79000
R14=0x000000c64d8f31c8 is pointing into the stack for thread: 0x000001d982f79000
R15=0x000001d9b770efa0 points into unknown readable memory: 0x00007ff9dd22a550 | 50 a5 22 dd f9 7f 00 00


Registers:
RAX=0x00007ff9a1b269a8, RBX=0x0000000000000001, RCX=0x000001d9bf109430, RDX=0x000001d9b770efa0
RSP=0x000000c64d8f2ec8, RBP=0x000000c64d8f30c0, RSI=0x000001d9c068b970, RDI=0x000001d9bf109430
R8 =0x000000c64d8f30b0, R9 =0x000000c64d8f30f0, R10=0x00007ffa34e90000, R11=0xc85801931038e010
R12=0x000000c64d8f30b0, R13=0x000000c64d8f30f0, R14=0x000000c64d8f31c8, R15=0x000001d9b770efa0
RIP=0x00007ff9a1b814f0, EFLAGS=0x0000000000010202

Top of Stack: (sp=0x000000c64d8f2ec8)
0x000000c64d8f2ec8:   00007ff9a1837525 00000007b2a267d0
0x000000c64d8f2ed8:   00007ffa3a2fb86b 0000000006e3075b
0x000000c64d8f2ee8:   00000000000000c8 fffffffffffffffe
0x000000c64d8f2ef8:   000001d9b066fc38 00000007c647a840
0x000000c64d8f2f08:   000000c6c1e94270 000001d900000000
0x000000c64d8f2f18:   000001d9fa845940 00000007af55a2e0
0x000000c64d8f2f28:   000001d9fa840000 000001d9fa8402a4
0x000000c64d8f2f38:   40220000c1bf4bc8 0000000000000010
0x000000c64d8f2f48:   000001d9fa840cf0 000000074c510268
0x000000c64d8f2f58:   0000000000000000 000025198ca6454c
0x000000c64d8f2f68:   0000000000000010 0000000000000008
0x000000c64d8f2f78:   0000000000000000 000000c64d8f31c8
0x000000c64d8f2f88:   000001d9bd4d53f8 000001d9bf109430
0x000000c64d8f2f98:   000001d9b770efa0 000001d9c068b970
0x000000c64d8f2fa8:   000000c64d8f30c0 0000000000000001
0x000000c64d8f2fb8:   00007ff9a182ed36 00000000009200ef 

Instructions: (pc=0x00007ff9a1b814f0)
0x00007ff9a1b813f0:   b0 13 46 00 00 00 00 00 00 00 00 00 00 00 00 00
0x00007ff9a1b81400:   01 00 00 00 00 00 00 00 00 00 00 00 b8 59 5a 00
0x00007ff9a1b81410:   28 14 46 00 00 14 46 00 00 00 00 00 00 00 00 00
0x00007ff9a1b81420:   00 00 00 00 00 00 00 00 00 00 00 00 00 00 00 00
0x00007ff9a1b81430:   01 00 00 00 40 14 46 00 00 00 00 00 00 00 00 00
0x00007ff9a1b81440:   50 14 46 00 00 00 00 00 00 00 00 00 00 00 00 00
0x00007ff9a1b81450:   b8 59 5a 00 00 00 00 00 00 00 00 00 ff ff ff ff
0x00007ff9a1b81460:   00 00 00 00 40 00 00 00 28 14 46 00 00 00 00 00
0x00007ff9a1b81470:   00 00 00 00 00 00 00 00 01 00 00 00 00 00 00 00
0x00007ff9a1b81480:   00 00 00 00 88 48 5a 00 a0 14 46 00 78 14 46 00
0x00007ff9a1b81490:   00 00 00 00 00 00 00 00 00 00 00 00 00 00 00 00
0x00007ff9a1b814a0:   00 00 00 00 00 00 00 00 01 00 00 00 b8 14 46 00
0x00007ff9a1b814b0:   00 00 00 00 00 00 00 00 c8 14 46 00 00 00 00 00
0x00007ff9a1b814c0:   00 00 00 00 00 00 00 00 88 48 5a 00 00 00 00 00
0x00007ff9a1b814d0:   00 00 00 00 ff ff ff ff 00 00 00 00 40 00 00 00
0x00007ff9a1b814e0:   a0 14 46 00 00 00 00 00 00 00 00 00 00 00 00 00
0x00007ff9a1b814f0:   01 00 00 00 00 00 00 00 00 00 00 00 b0 48 5a 00
0x00007ff9a1b81500:   18 15 46 00 f0 14 46 00 00 00 00 00 00 00 00 00
0x00007ff9a1b81510:   00 00 00 00 00 00 00 00 00 00 00 00 00 00 00 00
0x00007ff9a1b81520:   01 00 00 00 30 15 46 00 00 00 00 00 00 00 00 00
0x00007ff9a1b81530:   40 15 46 00 00 00 00 00 00 00 00 00 00 00 00 00
0x00007ff9a1b81540:   b0 48 5a 00 00 00 00 00 00 00 00 00 ff ff ff ff
0x00007ff9a1b81550:   00 00 00 00 40 00 00 00 18 15 46 00 00 00 00 00
0x00007ff9a1b81560:   00 00 00 00 00 00 00 00 01 00 00 00 00 00 00 00
0x00007ff9a1b81570:   00 00 00 00 e8 59 5a 00 90 15 46 00 68 15 46 00
0x00007ff9a1b81580:   00 00 00 00 00 00 00 00 00 00 00 00 00 00 00 00
0x00007ff9a1b81590:   00 00 00 00 00 00 00 00 01 00 00 00 a8 15 46 00
0x00007ff9a1b815a0:   00 00 00 00 00 00 00 00 b8 15 46 00 00 00 00 00
0x00007ff9a1b815b0:   00 00 00 00 00 00 00 00 e8 59 5a 00 00 00 00 00
0x00007ff9a1b815c0:   00 00 00 00 ff ff ff ff 00 00 00 00 40 00 00 00
0x00007ff9a1b815d0:   90 15 46 00 00 00 00 00 00 00 00 00 00 00 00 00
0x00007ff9a1b815e0:   01 00 00 00 00 00 00 00 00 00 00 00 20 5a 5a 00 


Stack slot to memory mapping:
stack at sp + 0 slots: 0x00007ff9a1837525 points into unknown readable memory: 8b f0 83
stack at sp + 1 slots: 
[error occurred during error reporting (inspecting top of stack), id 0xc0000005, EXCEPTION_ACCESS_VIOLATION (0xc0000005) at pc=0x00007ff9bad072f6]


---------------  P R O C E S S  ---------------

Threads class SMR info:
_java_thread_list=0x000001d9c16cb6d0, length=35, elements={
0x000001d9a37c3800, 0x000001d9a4dc5800, 0x000001d9a46f8800, 0x000001d9a283c800,
0x000001d9805d5800, 0x000001d9fde0a800, 0x000001d9a4eb1800, 0x000001d9c576d800,
0x000001d9c5779800, 0x000001d9c59ab800, 0x000001d9ab9c8000, 0x000001d9abc30800,
0x000001d982872000, 0x000001d9832b0800, 0x000001d982f79000, 0x000001d983326800,
0x000001d9c5773000, 0x000001d9c5774000, 0x000001d9c5770000, 0x000001d985072800,
0x000001d98506c800, 0x000001d985073000, 0x000001d98506e800, 0x000001d98506f000,
0x000001d985070000, 0x000001d9c5770800, 0x000001d9bde4f000, 0x000001d9bde4a800,
0x000001d9bde4b000, 0x000001d9bde51000, 0x000001d9bde4c000, 0x000001d9bde54000,
0x000001d9bde4d800, 0x000001d9bde51800, 0x000001d9bde4c800
}

Java Threads: ( => current thread )
  0x000001d9a37c3800 JavaThread "main" [_thread_blocked, id=14372, stack(0x000000c648800000,0x000000c648900000)]
  0x000001d9a4dc5800 JavaThread "Reference Handler" daemon [_thread_blocked, id=18652, stack(0x000000c648f00000,0x000000c649400000)]
  0x000001d9a46f8800 JavaThread "Finalizer" daemon [_thread_blocked, id=14088, stack(0x000000c649400000,0x000000c649900000)]
  0x000001d9a283c800 JavaThread "Signal Dispatcher" daemon [_thread_blocked, id=19824, stack(0x000000c649900000,0x000000c649e00000)]
  0x000001d9805d5800 JavaThread "Attach Listener" daemon [_thread_blocked, id=12020, stack(0x000000c649e00000,0x000000c64a300000)]
  0x000001d9fde0a800 JavaThread "Service Thread" daemon [_thread_blocked, id=18100, stack(0x000000c64a300000,0x000000c64a800000)]
  0x000001d9a4eb1800 JavaThread "C2 CompilerThread0" daemon [_thread_blocked, id=12520, stack(0x000000c64a800000,0x000000c64a900000)]
  0x000001d9c576d800 JavaThread "C1 CompilerThread0" daemon [_thread_blocked, id=18732, stack(0x000000c64a900000,0x000000c64aa00000)]
  0x000001d9c5779800 JavaThread "Sweeper thread" daemon [_thread_blocked, id=20376, stack(0x000000c64aa00000,0x000000c64af00000)]
  0x000001d9c59ab800 JavaThread "Common-Cleaner" daemon [_thread_blocked, id=10048, stack(0x000000c64af00000,0x000000c64b400000)]
  0x000001d9ab9c8000 JavaThread "Java2D Disposer" daemon [_thread_blocked, id=6876, stack(0x000000c64b600000,0x000000c64bb00000)]
  0x000001d9abc30800 JavaThread "AWT-Windows" daemon [_thread_in_native, id=11904, stack(0x000000c64c000000,0x000000c64c500000)]
  0x000001d982872000 JavaThread "TimerQueue" daemon [_thread_blocked, id=10320, stack(0x000000c64c500000,0x000000c64ca00000)]
  0x000001d9832b0800 JavaThread "AWT-Shutdown" [_thread_blocked, id=7404, stack(0x000000c64cf00000,0x000000c64d400000)]
=>0x000001d982f79000 JavaThread "AWT-EventQueue-0" [_thread_in_native, id=7320, stack(0x000000c64d400000,0x000000c64d900000)]
  0x000001d983326800 JavaThread "Thread-1" [_thread_in_native, id=15836, stack(0x000000c647100000,0x000000c648500000)]
  0x000001d9c5773000 JavaThread "Process Messages Thread" [_thread_blocked, id=3996, stack(0x000000c64de00000,0x000000c64e300000)]
  0x000001d9c5774000 JavaThread "Batik CleanerThread" daemon [_thread_blocked, id=10932, stack(0x000000c64d900000,0x000000c64de00000)]
  0x000001d9c5770000 JavaThread "SyntheticaCleanerThread" daemon [_thread_blocked, id=6948, stack(0x000000c64e800000,0x000000c64ed00000)]
  0x000001d985072800 JavaThread "Monitor HEventQueue Thread" [_thread_blocked, id=10940, stack(0x000000c64f900000,0x000000c64fe00000)]
  0x000001d98506c800 JavaThread "SyntheticaAnimation 50" daemon [_thread_blocked, id=21676, stack(0x000000c64fe00000,0x000000c650300000)]
  0x000001d985073000 JavaThread "SyntheticaAnimation 25" daemon [_thread_blocked, id=10140, stack(0x000000c650300000,0x000000c650800000)]
  0x000001d98506e800 JavaThread "SyntheticaAnimation 70" daemon [_thread_blocked, id=15892, stack(0x000000c650800000,0x000000c650d00000)]
  0x000001d98506f000 JavaThread "Refresh Filesets Swing Worker Thread" [_thread_blocked, id=4804, stack(0x000000c64e300000,0x000000c64e800000)]
  0x000001d985070000 JavaThread "Thread-18" [_thread_blocked, id=4064, stack(0x000000c64ca00000,0x000000c64cf00000)]
  0x000001d9c5770800 JavaThread "hw_ila_monitor" [_thread_blocked, id=16204, stack(0x000000c651c00000,0x000000c652100000)]
  0x000001d9bde4f000 JavaThread "pool-1-thread-1" [_thread_blocked, id=7248, stack(0x000000c652b00000,0x000000c653000000)]
  0x000001d9bde4a800 JavaThread "pool-2-thread-1" [_thread_blocked, id=14840, stack(0x000000c653000000,0x000000c653500000)]
  0x000001d9bde4b000 JavaThread "pool-3-thread-1" [_thread_blocked, id=8148, stack(0x000000c653500000,0x000000c653a00000)]
  0x000001d9bde51000 JavaThread "pool-4-thread-1" [_thread_blocked, id=6096, stack(0x000000c653a00000,0x000000c653f00000)]
  0x000001d9bde4c000 JavaThread "Update Runs Swing Worker Thread" [_thread_blocked, id=13672, stack(0x000000c654400000,0x000000c654900000)]
  0x000001d9bde54000 JavaThread "SyntheticaAnimation 50" daemon [_thread_blocked, id=13608, stack(0x000000c654e00000,0x000000c655300000)]
  0x000001d9bde4d800 JavaThread "Image Fetcher 0" daemon [_thread_blocked, id=22508, stack(0x000000c64ed00000,0x000000c64f200000)]
  0x000001d9bde51800 JavaThread "Image Fetcher 1" daemon [_thread_blocked, id=12708, stack(0x000000c650d00000,0x000000c651200000)]
  0x000001d9bde4c800 JavaThread "Relaunch Simulation Thread" [_thread_blocked, id=15128, stack(0x000000c651200000,0x000000c651700000)]

Other Threads:
  0x000001d9a3798800 VMThread "VM Thread" [stack: 0x000000c648e00000,0x000000c648f00000] [id=20260]
  0x000001d9c59ac000 WatcherThread [stack: 0x000000c64b400000,0x000000c64b500000] [id=5608]
  0x000001d9fe48e000 GCTaskThread "GC Thread#0" [stack: 0x000000c648900000,0x000000c648a00000] [id=13612]
  0x000001d9abf05000 GCTaskThread "GC Thread#1" [stack: 0x000000c64b500000,0x000000c64b600000] [id=20928]
  0x000001d9827ca000 GCTaskThread "GC Thread#2" [stack: 0x000000c64bb00000,0x000000c64bc00000] [id=2396]
  0x000001d9827ca800 GCTaskThread "GC Thread#3" [stack: 0x000000c64bc00000,0x000000c64bd00000] [id=10736]
  0x000001d9a35f8800 ConcurrentGCThread "G1 Main Marker" [stack: 0x000000c648a00000,0x000000c648b00000] [id=1756]
  0x000001d9a34c5800 ConcurrentGCThread "G1 Conc#0" [stack: 0x000000c648b00000,0x000000c648c00000] [id=6204]
  0x000001d9c562a800 ConcurrentGCThread "G1 Refine#0" [stack: 0x000000c648c00000,0x000000c648d00000] [id=1728]
  0x000001d982bd7000 ConcurrentGCThread "G1 Refine#1" [stack: 0x000000c64bd00000,0x000000c64be00000] [id=12796]
  0x000001d9abf12800 ConcurrentGCThread "G1 Refine#2" [stack: 0x000000c64be00000,0x000000c64bf00000] [id=16476]
  0x000001d9a33dd000 ConcurrentGCThread "G1 Young RemSet Sampling" [stack: 0x000000c648d00000,0x000000c648e00000] [id=5028]

Threads with active compile tasks:

VM state:not at safepoint (normal execution)

VM Mutex/Monitor currently owned by a thread: None

Heap address: 0x0000000740000000, size: 3072 MB, Compressed Oops mode: Zero based, Oop shift amount: 3
Narrow klass base: 0x0000000800000000, Narrow klass shift: 0
Compressed class space size: 1073741824 Address: 0x0000000800000000

Heap:
 garbage-first heap   total 262144K, used 74693K [0x0000000740000000, 0x0000000800000000)
  region size 1024K, 3 young (3072K), 1 survivors (1024K)
 Metaspace       used 90893K, capacity 93241K, committed 93480K, reserved 1130496K
  class space    used 11858K, capacity 12927K, committed 13004K, reserved 1048576K
Heap Regions: E=young(eden), S=young(survivor), O=old, HS=humongous(starts), HC=humongous(continues), CS=collection set, F=free, A=archive, TAMS=top-at-mark-start (previous, next)
|   0|0x0000000740000000, 0x0000000740100000, 0x0000000740100000|100%|HS|  |TAMS 0x0000000740000000, 0x0000000740000000| Untracked 
|   1|0x0000000740100000, 0x0000000740200000, 0x0000000740200000|100%|HC|  |TAMS 0x0000000740100000, 0x0000000740100000| Untracked 
|   2|0x0000000740200000, 0x0000000740300000, 0x0000000740300000|100%|HS|  |TAMS 0x0000000740200000, 0x0000000740200000| Untracked 
|   3|0x0000000740300000, 0x00000007403ffff8, 0x0000000740400000| 99%| O|  |TAMS 0x0000000740300000, 0x0000000740300000| Untracked 
|   4|0x0000000740400000, 0x00000007404ffff0, 0x0000000740500000| 99%| O|  |TAMS 0x0000000740400000, 0x0000000740400000| Untracked 
|   5|0x0000000740500000, 0x00000007405fffc0, 0x0000000740600000| 99%| O|  |TAMS 0x0000000740500000, 0x0000000740500000| Untracked 
|   6|0x0000000740600000, 0x00000007406ffff8, 0x0000000740700000| 99%| O|  |TAMS 0x0000000740600000, 0x0000000740600000| Untracked 
|   7|0x0000000740700000, 0x0000000740800000, 0x0000000740800000|100%| O|  |TAMS 0x0000000740700000, 0x0000000740700000| Untracked 
|   8|0x0000000740800000, 0x00000007408ffff0, 0x0000000740900000| 99%| O|  |TAMS 0x0000000740800000, 0x0000000740800000| Untracked 
|   9|0x0000000740900000, 0x00000007409ffff8, 0x0000000740a00000| 99%| O|  |TAMS 0x0000000740900000, 0x0000000740900000| Untracked 
|  10|0x0000000740a00000, 0x0000000740affff0, 0x0000000740b00000| 99%| O|  |TAMS 0x0000000740a00000, 0x0000000740a00000| Untracked 
|  11|0x0000000740b00000, 0x0000000740bfa5f8, 0x0000000740c00000| 97%| O|  |TAMS 0x0000000740b00000, 0x0000000740b00000| Untracked 
|  12|0x0000000740c00000, 0x0000000740cf6538, 0x0000000740d00000| 96%| O|  |TAMS 0x0000000740c00000, 0x0000000740c00000| Untracked 
|  13|0x0000000740d00000, 0x0000000740dffff8, 0x0000000740e00000| 99%| O|  |TAMS 0x0000000740d00000, 0x0000000740d00000| Untracked 
|  14|0x0000000740e00000, 0x0000000740effff8, 0x0000000740f00000| 99%| O|  |TAMS 0x0000000740e00000, 0x0000000740e00000| Untracked 
|  15|0x0000000740f00000, 0x0000000740fffff0, 0x0000000741000000| 99%| O|  |TAMS 0x0000000740f00000, 0x0000000740f00000| Untracked 
|  16|0x0000000741000000, 0x00000007410ffff0, 0x0000000741100000| 99%| O|  |TAMS 0x0000000741000000, 0x0000000741000000| Untracked 
|  17|0x0000000741100000, 0x00000007411fffe0, 0x0000000741200000| 99%| O|  |TAMS 0x0000000741100000, 0x0000000741100000| Untracked 
|  18|0x0000000741200000, 0x00000007412ffff0, 0x0000000741300000| 99%| O|  |TAMS 0x0000000741200000, 0x0000000741200000| Untracked 
|  19|0x0000000741300000, 0x00000007413fffe8, 0x0000000741400000| 99%| O|  |TAMS 0x0000000741300000, 0x0000000741300000| Untracked 
|  20|0x0000000741400000, 0x00000007414ffff8, 0x0000000741500000| 99%| O|  |TAMS 0x0000000741400000, 0x0000000741400000| Untracked 
|  21|0x0000000741500000, 0x00000007415fffe8, 0x0000000741600000| 99%| O|  |TAMS 0x0000000741500000, 0x0000000741500000| Untracked 
|  22|0x0000000741600000, 0x0000000741700000, 0x0000000741700000|100%| O|  |TAMS 0x0000000741600000, 0x0000000741600000| Untracked 
|  23|0x0000000741700000, 0x00000007417fffc8, 0x0000000741800000| 99%| O|  |TAMS 0x0000000741700000, 0x0000000741700000| Untracked 
|  24|0x0000000741800000, 0x0000000741900000, 0x0000000741900000|100%|HS|  |TAMS 0x0000000741800000, 0x0000000741800000| Untracked 
|  25|0x0000000741900000, 0x00000007419fffe0, 0x0000000741a00000| 99%| O|  |TAMS 0x0000000741900000, 0x0000000741900000| Untracked 
|  26|0x0000000741a00000, 0x0000000741affff8, 0x0000000741b00000| 99%| O|  |TAMS 0x0000000741a00000, 0x0000000741a00000| Untracked 
|  27|0x0000000741b00000, 0x0000000741bfffd0, 0x0000000741c00000| 99%| O|  |TAMS 0x0000000741b00000, 0x0000000741b00000| Untracked 
|  28|0x0000000741c00000, 0x0000000741cfffe0, 0x0000000741d00000| 99%| O|  |TAMS 0x0000000741c00000, 0x0000000741c00000| Untracked 
|  29|0x0000000741d00000, 0x0000000741dfff08, 0x0000000741e00000| 99%| O|  |TAMS 0x0000000741d00000, 0x0000000741d00000| Untracked 
|  30|0x0000000741e00000, 0x0000000741effff8, 0x0000000741f00000| 99%| O|  |TAMS 0x0000000741e00000, 0x0000000741e00000| Untracked 
|  31|0x0000000741f00000, 0x0000000742000000, 0x0000000742000000|100%| O|  |TAMS 0x0000000741f00000, 0x0000000741f00000| Untracked 
|  32|0x0000000742000000, 0x00000007420ffff8, 0x0000000742100000| 99%| O|  |TAMS 0x0000000742000000, 0x0000000742000000| Untracked 
|  33|0x0000000742100000, 0x0000000742200000, 0x0000000742200000|100%| O|  |TAMS 0x0000000742100000, 0x0000000742100000| Untracked 
|  34|0x0000000742200000, 0x0000000742300000, 0x0000000742300000|100%| O|  |TAMS 0x0000000742200000, 0x0000000742200000| Untracked 
|  35|0x0000000742300000, 0x0000000742400000, 0x0000000742400000|100%| O|  |TAMS 0x0000000742300000, 0x0000000742300000| Untracked 
|  36|0x0000000742400000, 0x00000007424ffff8, 0x0000000742500000| 99%| O|  |TAMS 0x0000000742400000, 0x0000000742400000| Untracked 
|  37|0x0000000742500000, 0x00000007425ffff8, 0x0000000742600000| 99%| O|  |TAMS 0x0000000742500000, 0x0000000742500000| Untracked 
|  38|0x0000000742600000, 0x00000007426ffff0, 0x0000000742700000| 99%| O|  |TAMS 0x0000000742600000, 0x0000000742600000| Untracked 
|  39|0x0000000742700000, 0x0000000742800000, 0x0000000742800000|100%| O|  |TAMS 0x0000000742700000, 0x0000000742700000| Untracked 
|  40|0x0000000742800000, 0x00000007428ffff0, 0x0000000742900000| 99%| O|  |TAMS 0x0000000742800000, 0x0000000742800000| Untracked 
|  41|0x0000000742900000, 0x00000007429ffff8, 0x0000000742a00000| 99%| O|  |TAMS 0x0000000742900000, 0x0000000742900000| Untracked 
|  42|0x0000000742a00000, 0x0000000742afffc0, 0x0000000742b00000| 99%| O|  |TAMS 0x0000000742a00000, 0x0000000742a00000| Untracked 
|  43|0x0000000742b00000, 0x0000000742c00000, 0x0000000742c00000|100%|HS|  |TAMS 0x0000000742b00000, 0x0000000742b00000| Untracked 
|  44|0x0000000742c00000, 0x0000000742d00000, 0x0000000742d00000|100%|HC|  |TAMS 0x0000000742c00000, 0x0000000742c00000| Untracked 
|  45|0x0000000742d00000, 0x0000000742e00000, 0x0000000742e00000|100%|HC|  |TAMS 0x0000000742d00000, 0x0000000742d00000| Untracked 
|  46|0x0000000742e00000, 0x0000000742f00000, 0x0000000742f00000|100%|HC|  |TAMS 0x0000000742e00000, 0x0000000742e00000| Untracked 
|  47|0x0000000742f00000, 0x0000000743000000, 0x0000000743000000|100%|HC|  |TAMS 0x0000000742f00000, 0x0000000742f00000| Untracked 
|  48|0x0000000743000000, 0x0000000743100000, 0x0000000743100000|100%|HC|  |TAMS 0x0000000743000000, 0x0000000743000000| Untracked 
|  49|0x0000000743100000, 0x0000000743200000, 0x0000000743200000|100%|HC|  |TAMS 0x0000000743100000, 0x0000000743100000| Untracked 
|  50|0x0000000743200000, 0x0000000743300000, 0x0000000743300000|100%|HC|  |TAMS 0x0000000743200000, 0x0000000743200000| Untracked 
|  51|0x0000000743300000, 0x0000000743400000, 0x0000000743400000|100%| O|  |TAMS 0x0000000743300000, 0x0000000743300000| Untracked 
|  52|0x0000000743400000, 0x00000007434ffff0, 0x0000000743500000| 99%| O|  |TAMS 0x0000000743400000, 0x0000000743400000| Untracked 
|  53|0x0000000743500000, 0x00000007435ffff0, 0x0000000743600000| 99%| O|  |TAMS 0x0000000743500000, 0x0000000743500000| Untracked 
|  54|0x0000000743600000, 0x0000000743700000, 0x0000000743700000|100%| O|  |TAMS 0x0000000743600000, 0x0000000743600000| Untracked 
|  55|0x0000000743700000, 0x00000007437ffff8, 0x0000000743800000| 99%| O|  |TAMS 0x0000000743700000, 0x0000000743700000| Untracked 
|  56|0x0000000743800000, 0x0000000743900000, 0x0000000743900000|100%| O|  |TAMS 0x0000000743800000, 0x0000000743800000| Untracked 
|  57|0x0000000743900000, 0x00000007439ffff8, 0x0000000743a00000| 99%| O|  |TAMS 0x0000000743900000, 0x0000000743900000| Untracked 
|  58|0x0000000743a00000, 0x0000000743afffc0, 0x0000000743b00000| 99%| O|  |TAMS 0x0000000743a00000, 0x0000000743a00000| Untracked 
|  59|0x0000000743b00000, 0x0000000743bf7860, 0x0000000743c00000| 96%| O|  |TAMS 0x0000000743b00000, 0x0000000743b00000| Untracked 
|  60|0x0000000743c00000, 0x0000000743cfffd0, 0x0000000743d00000| 99%| O|  |TAMS 0x0000000743c00000, 0x0000000743c00000| Untracked 
|  61|0x0000000743d00000, 0x0000000743dff1d0, 0x0000000743e00000| 99%| O|  |TAMS 0x0000000743d00000, 0x0000000743d00000| Untracked 
|  62|0x0000000743e00000, 0x0000000743efffc8, 0x0000000743f00000| 99%| O|  |TAMS 0x0000000743e00000, 0x0000000743e00000| Untracked 
|  63|0x0000000743f00000, 0x0000000744000000, 0x0000000744000000|100%| O|  |TAMS 0x0000000743f00000, 0x0000000743f00000| Untracked 
|  64|0x0000000744000000, 0x00000007440f4be0, 0x0000000744100000| 95%| O|  |TAMS 0x0000000744000000, 0x0000000744000000| Untracked 
|  65|0x0000000744100000, 0x00000007441ffff8, 0x0000000744200000| 99%| O|  |TAMS 0x0000000744100000, 0x0000000744100000| Untracked 
|  66|0x0000000744200000, 0x00000007442ffff8, 0x0000000744300000| 99%| O|  |TAMS 0x0000000744200000, 0x0000000744200000| Untracked 
|  67|0x0000000744300000, 0x00000007443ffff0, 0x0000000744400000| 99%| O|  |TAMS 0x0000000744300000, 0x0000000744300000| Untracked 
|  68|0x0000000744400000, 0x000000074449ce38, 0x0000000744500000| 61%| O|  |TAMS 0x0000000744400000, 0x0000000744400000| Untracked 
|  69|0x0000000744500000, 0x000000074452a848, 0x0000000744600000| 16%| O|  |TAMS 0x0000000744500000, 0x0000000744500000| Untracked 
|  70|0x0000000744600000, 0x0000000744600000, 0x0000000744700000|  0%| F|  |TAMS 0x0000000744600000, 0x0000000744600000| Untracked 
|  71|0x0000000744700000, 0x0000000744700000, 0x0000000744800000|  0%| F|  |TAMS 0x0000000744700000, 0x0000000744700000| Untracked 
|  72|0x0000000744800000, 0x0000000744800000, 0x0000000744900000|  0%| F|  |TAMS 0x0000000744800000, 0x0000000744800000| Untracked 
|  73|0x0000000744900000, 0x0000000744900000, 0x0000000744a00000|  0%| F|  |TAMS 0x0000000744900000, 0x0000000744900000| Untracked 
|  74|0x0000000744a00000, 0x0000000744b00000, 0x0000000744b00000|100%|HS|  |TAMS 0x0000000744a00000, 0x0000000744a00000| Untracked 
|  75|0x0000000744b00000, 0x0000000744c00000, 0x0000000744c00000|100%|HC|  |TAMS 0x0000000744b00000, 0x0000000744b00000| Untracked 
|  76|0x0000000744c00000, 0x0000000744c00000, 0x0000000744d00000|  0%| F|  |TAMS 0x0000000744c00000, 0x0000000744c00000| Untracked 
|  77|0x0000000744d00000, 0x0000000744d00000, 0x0000000744e00000|  0%| F|  |TAMS 0x0000000744d00000, 0x0000000744d00000| Untracked 
|  78|0x0000000744e00000, 0x0000000744e00000, 0x0000000744f00000|  0%| F|  |TAMS 0x0000000744e00000, 0x0000000744e00000| Untracked 
|  79|0x0000000744f00000, 0x0000000744f00000, 0x0000000745000000|  0%| F|  |TAMS 0x0000000744f00000, 0x0000000744f00000| Untracked 
|  80|0x0000000745000000, 0x0000000745000000, 0x0000000745100000|  0%| F|  |TAMS 0x0000000745000000, 0x0000000745000000| Untracked 
|  81|0x0000000745100000, 0x0000000745100000, 0x0000000745200000|  0%| F|  |TAMS 0x0000000745100000, 0x0000000745100000| Untracked 
|  82|0x0000000745200000, 0x0000000745200000, 0x0000000745300000|  0%| F|  |TAMS 0x0000000745200000, 0x0000000745200000| Untracked 
|  83|0x0000000745300000, 0x0000000745300000, 0x0000000745400000|  0%| F|  |TAMS 0x0000000745300000, 0x0000000745300000| Untracked 
|  84|0x0000000745400000, 0x0000000745400000, 0x0000000745500000|  0%| F|  |TAMS 0x0000000745400000, 0x0000000745400000| Untracked 
|  85|0x0000000745500000, 0x0000000745500000, 0x0000000745600000|  0%| F|  |TAMS 0x0000000745500000, 0x0000000745500000| Untracked 
|  86|0x0000000745600000, 0x0000000745600000, 0x0000000745700000|  0%| F|  |TAMS 0x0000000745600000, 0x0000000745600000| Untracked 
|  87|0x0000000745700000, 0x0000000745700000, 0x0000000745800000|  0%| F|  |TAMS 0x0000000745700000, 0x0000000745700000| Untracked 
|  88|0x0000000745800000, 0x0000000745800000, 0x0000000745900000|  0%| F|  |TAMS 0x0000000745800000, 0x0000000745800000| Untracked 
|  89|0x0000000745900000, 0x0000000745900000, 0x0000000745a00000|  0%| F|  |TAMS 0x0000000745900000, 0x0000000745900000| Untracked 
|  90|0x0000000745a00000, 0x0000000745a00000, 0x0000000745b00000|  0%| F|  |TAMS 0x0000000745a00000, 0x0000000745a00000| Untracked 
|  91|0x0000000745b00000, 0x0000000745b00000, 0x0000000745c00000|  0%| F|  |TAMS 0x0000000745b00000, 0x0000000745b00000| Untracked 
|  92|0x0000000745c00000, 0x0000000745c00000, 0x0000000745d00000|  0%| F|  |TAMS 0x0000000745c00000, 0x0000000745c00000| Untracked 
|  93|0x0000000745d00000, 0x0000000745d00000, 0x0000000745e00000|  0%| F|  |TAMS 0x0000000745d00000, 0x0000000745d00000| Untracked 
|  94|0x0000000745e00000, 0x0000000745e00000, 0x0000000745f00000|  0%| F|  |TAMS 0x0000000745e00000, 0x0000000745e00000| Untracked 
|  95|0x0000000745f00000, 0x0000000745f00000, 0x0000000746000000|  0%| F|  |TAMS 0x0000000745f00000, 0x0000000745f00000| Untracked 
|  96|0x0000000746000000, 0x0000000746000000, 0x0000000746100000|  0%| F|  |TAMS 0x0000000746000000, 0x0000000746000000| Untracked 
|  97|0x0000000746100000, 0x0000000746100000, 0x0000000746200000|  0%| F|  |TAMS 0x0000000746100000, 0x0000000746100000| Untracked 
|  98|0x0000000746200000, 0x0000000746200000, 0x0000000746300000|  0%| F|  |TAMS 0x0000000746200000, 0x0000000746200000| Untracked 
|  99|0x0000000746300000, 0x0000000746300000, 0x0000000746400000|  0%| F|  |TAMS 0x0000000746300000, 0x0000000746300000| Untracked 
| 100|0x0000000746400000, 0x0000000746400000, 0x0000000746500000|  0%| F|  |TAMS 0x0000000746400000, 0x0000000746400000| Untracked 
| 101|0x0000000746500000, 0x0000000746500000, 0x0000000746600000|  0%| F|  |TAMS 0x0000000746500000, 0x0000000746500000| Untracked 
| 102|0x0000000746600000, 0x0000000746600000, 0x0000000746700000|  0%| F|  |TAMS 0x0000000746600000, 0x0000000746600000| Untracked 
| 103|0x0000000746700000, 0x0000000746700000, 0x0000000746800000|  0%| F|  |TAMS 0x0000000746700000, 0x0000000746700000| Untracked 
| 104|0x0000000746800000, 0x0000000746800000, 0x0000000746900000|  0%| F|  |TAMS 0x0000000746800000, 0x0000000746800000| Untracked 
| 105|0x0000000746900000, 0x0000000746900000, 0x0000000746a00000|  0%| F|  |TAMS 0x0000000746900000, 0x0000000746900000| Untracked 
| 106|0x0000000746a00000, 0x0000000746a127d8, 0x0000000746b00000|  7%| O|  |TAMS 0x0000000746a00000, 0x0000000746a00000| Untracked 
| 107|0x0000000746b00000, 0x0000000746b00000, 0x0000000746c00000|  0%| F|  |TAMS 0x0000000746b00000, 0x0000000746b00000| Untracked 
| 108|0x0000000746c00000, 0x0000000746c00000, 0x0000000746d00000|  0%| F|  |TAMS 0x0000000746c00000, 0x0000000746c00000| Untracked 
| 109|0x0000000746d00000, 0x0000000746d00000, 0x0000000746e00000|  0%| F|  |TAMS 0x0000000746d00000, 0x0000000746d00000| Untracked 
| 110|0x0000000746e00000, 0x0000000746e00000, 0x0000000746f00000|  0%| F|  |TAMS 0x0000000746e00000, 0x0000000746e00000| Untracked 
| 111|0x0000000746f00000, 0x0000000746f00000, 0x0000000747000000|  0%| F|  |TAMS 0x0000000746f00000, 0x0000000746f00000| Untracked 
| 112|0x0000000747000000, 0x0000000747000000, 0x0000000747100000|  0%| F|  |TAMS 0x0000000747000000, 0x0000000747000000| Untracked 
| 113|0x0000000747100000, 0x0000000747100000, 0x0000000747200000|  0%| F|  |TAMS 0x0000000747100000, 0x0000000747100000| Untracked 
| 114|0x0000000747200000, 0x0000000747200000, 0x0000000747300000|  0%| F|  |TAMS 0x0000000747200000, 0x0000000747200000| Untracked 
| 115|0x0000000747300000, 0x0000000747300000, 0x0000000747400000|  0%| F|  |TAMS 0x0000000747300000, 0x0000000747300000| Untracked 
| 116|0x0000000747400000, 0x0000000747400000, 0x0000000747500000|  0%| F|  |TAMS 0x0000000747400000, 0x0000000747400000| Untracked 
| 117|0x0000000747500000, 0x0000000747500000, 0x0000000747600000|  0%| F|  |TAMS 0x0000000747500000, 0x0000000747500000| Untracked 
| 118|0x0000000747600000, 0x0000000747600000, 0x0000000747700000|  0%| F|  |TAMS 0x0000000747600000, 0x0000000747600000| Untracked 
| 119|0x0000000747700000, 0x0000000747700000, 0x0000000747800000|  0%| F|  |TAMS 0x0000000747700000, 0x0000000747700000| Untracked 
| 120|0x0000000747800000, 0x0000000747800000, 0x0000000747900000|  0%| F|  |TAMS 0x0000000747800000, 0x0000000747800000| Untracked 
| 121|0x0000000747900000, 0x0000000747900000, 0x0000000747a00000|  0%| F|  |TAMS 0x0000000747900000, 0x0000000747900000| Untracked 
| 122|0x0000000747a00000, 0x0000000747a00000, 0x0000000747b00000|  0%| F|  |TAMS 0x0000000747a00000, 0x0000000747a00000| Untracked 
| 123|0x0000000747b00000, 0x0000000747b00000, 0x0000000747c00000|  0%| F|  |TAMS 0x0000000747b00000, 0x0000000747b00000| Untracked 
| 124|0x0000000747c00000, 0x0000000747c00000, 0x0000000747d00000|  0%| F|  |TAMS 0x0000000747c00000, 0x0000000747c00000| Untracked 
| 125|0x0000000747d00000, 0x0000000747d00000, 0x0000000747e00000|  0%| F|  |TAMS 0x0000000747d00000, 0x0000000747d00000| Untracked 
| 126|0x0000000747e00000, 0x0000000747e00000, 0x0000000747f00000|  0%| F|  |TAMS 0x0000000747e00000, 0x0000000747e00000| Untracked 
| 127|0x0000000747f00000, 0x0000000747f00000, 0x0000000748000000|  0%| F|  |TAMS 0x0000000747f00000, 0x0000000747f00000| Untracked 
| 128|0x0000000748000000, 0x0000000748000000, 0x0000000748100000|  0%| F|  |TAMS 0x0000000748000000, 0x0000000748000000| Untracked 
| 129|0x0000000748100000, 0x0000000748100000, 0x0000000748200000|  0%| F|  |TAMS 0x0000000748100000, 0x0000000748100000| Untracked 
| 130|0x0000000748200000, 0x0000000748200000, 0x0000000748300000|  0%| F|  |TAMS 0x0000000748200000, 0x0000000748200000| Untracked 
| 131|0x0000000748300000, 0x0000000748300000, 0x0000000748400000|  0%| F|  |TAMS 0x0000000748300000, 0x0000000748300000| Untracked 
| 132|0x0000000748400000, 0x0000000748400000, 0x0000000748500000|  0%| F|  |TAMS 0x0000000748400000, 0x0000000748400000| Untracked 
| 133|0x0000000748500000, 0x0000000748500000, 0x0000000748600000|  0%| F|  |TAMS 0x0000000748500000, 0x0000000748500000| Untracked 
| 134|0x0000000748600000, 0x0000000748600000, 0x0000000748700000|  0%| F|  |TAMS 0x0000000748600000, 0x0000000748600000| Untracked 
| 135|0x0000000748700000, 0x0000000748700000, 0x0000000748800000|  0%| F|  |TAMS 0x0000000748700000, 0x0000000748700000| Untracked 
| 136|0x0000000748800000, 0x0000000748800000, 0x0000000748900000|  0%| F|  |TAMS 0x0000000748800000, 0x0000000748800000| Untracked 
| 137|0x0000000748900000, 0x0000000748900000, 0x0000000748a00000|  0%| F|  |TAMS 0x0000000748900000, 0x0000000748900000| Untracked 
| 138|0x0000000748a00000, 0x0000000748a00000, 0x0000000748b00000|  0%| F|  |TAMS 0x0000000748a00000, 0x0000000748a00000| Untracked 
| 139|0x0000000748b00000, 0x0000000748b00000, 0x0000000748c00000|  0%| F|  |TAMS 0x0000000748b00000, 0x0000000748b00000| Untracked 
| 140|0x0000000748c00000, 0x0000000748c00000, 0x0000000748d00000|  0%| F|  |TAMS 0x0000000748c00000, 0x0000000748c00000| Untracked 
| 141|0x0000000748d00000, 0x0000000748d00000, 0x0000000748e00000|  0%| F|  |TAMS 0x0000000748d00000, 0x0000000748d00000| Untracked 
| 142|0x0000000748e00000, 0x0000000748e00000, 0x0000000748f00000|  0%| F|  |TAMS 0x0000000748e00000, 0x0000000748e00000| Untracked 
| 143|0x0000000748f00000, 0x0000000748f00000, 0x0000000749000000|  0%| F|  |TAMS 0x0000000748f00000, 0x0000000748f00000| Untracked 
| 144|0x0000000749000000, 0x000000074905c658, 0x0000000749100000| 36%| O|  |TAMS 0x0000000749000000, 0x0000000749000000| Untracked 
| 145|0x0000000749100000, 0x0000000749100000, 0x0000000749200000|  0%| F|  |TAMS 0x0000000749100000, 0x0000000749100000| Untracked 
| 146|0x0000000749200000, 0x0000000749200000, 0x0000000749300000|  0%| F|  |TAMS 0x0000000749200000, 0x0000000749200000| Untracked 
| 147|0x0000000749300000, 0x0000000749300000, 0x0000000749400000|  0%| F|  |TAMS 0x0000000749300000, 0x0000000749300000| Untracked 
| 148|0x0000000749400000, 0x0000000749400000, 0x0000000749500000|  0%| F|  |TAMS 0x0000000749400000, 0x0000000749400000| Untracked 
| 149|0x0000000749500000, 0x0000000749500000, 0x0000000749600000|  0%| F|  |TAMS 0x0000000749500000, 0x0000000749500000| Untracked 
| 150|0x0000000749600000, 0x0000000749600000, 0x0000000749700000|  0%| F|  |TAMS 0x0000000749600000, 0x0000000749600000| Untracked 
| 151|0x0000000749700000, 0x0000000749700000, 0x0000000749800000|  0%| F|  |TAMS 0x0000000749700000, 0x0000000749700000| Untracked 
| 152|0x0000000749800000, 0x0000000749800000, 0x0000000749900000|  0%| F|  |TAMS 0x0000000749800000, 0x0000000749800000| Untracked 
| 153|0x0000000749900000, 0x0000000749900000, 0x0000000749a00000|  0%| F|  |TAMS 0x0000000749900000, 0x0000000749900000| Untracked 
| 154|0x0000000749a00000, 0x0000000749a00000, 0x0000000749b00000|  0%| F|  |TAMS 0x0000000749a00000, 0x0000000749a00000| Untracked 
| 155|0x0000000749b00000, 0x0000000749b00000, 0x0000000749c00000|  0%| F|  |TAMS 0x0000000749b00000, 0x0000000749b00000| Untracked 
| 156|0x0000000749c00000, 0x0000000749c00000, 0x0000000749d00000|  0%| F|  |TAMS 0x0000000749c00000, 0x0000000749c00000| Untracked 
| 157|0x0000000749d00000, 0x0000000749d00000, 0x0000000749e00000|  0%| F|  |TAMS 0x0000000749d00000, 0x0000000749d00000| Untracked 
| 158|0x0000000749e00000, 0x0000000749e00000, 0x0000000749f00000|  0%| F|  |TAMS 0x0000000749e00000, 0x0000000749e00000| Untracked 
| 159|0x0000000749f00000, 0x0000000749f00000, 0x000000074a000000|  0%| F|  |TAMS 0x0000000749f00000, 0x0000000749f00000| Untracked 
| 160|0x000000074a000000, 0x000000074a000000, 0x000000074a100000|  0%| F|  |TAMS 0x000000074a000000, 0x000000074a000000| Untracked 
| 161|0x000000074a100000, 0x000000074a100000, 0x000000074a200000|  0%| F|  |TAMS 0x000000074a100000, 0x000000074a100000| Untracked 
| 162|0x000000074a200000, 0x000000074a200000, 0x000000074a300000|  0%| F|  |TAMS 0x000000074a200000, 0x000000074a200000| Untracked 
| 163|0x000000074a300000, 0x000000074a300000, 0x000000074a400000|  0%| F|  |TAMS 0x000000074a300000, 0x000000074a300000| Untracked 
| 164|0x000000074a400000, 0x000000074a400000, 0x000000074a500000|  0%| F|  |TAMS 0x000000074a400000, 0x000000074a400000| Untracked 
| 165|0x000000074a500000, 0x000000074a500000, 0x000000074a600000|  0%| F|  |TAMS 0x000000074a500000, 0x000000074a500000| Untracked 
| 166|0x000000074a600000, 0x000000074a600000, 0x000000074a700000|  0%| F|  |TAMS 0x000000074a600000, 0x000000074a600000| Untracked 
| 167|0x000000074a700000, 0x000000074a700000, 0x000000074a800000|  0%| F|  |TAMS 0x000000074a700000, 0x000000074a700000| Untracked 
| 168|0x000000074a800000, 0x000000074a800000, 0x000000074a900000|  0%| F|  |TAMS 0x000000074a800000, 0x000000074a800000| Untracked 
| 169|0x000000074a900000, 0x000000074a900000, 0x000000074aa00000|  0%| F|  |TAMS 0x000000074a900000, 0x000000074a900000| Untracked 
| 170|0x000000074aa00000, 0x000000074aa00000, 0x000000074ab00000|  0%| F|  |TAMS 0x000000074aa00000, 0x000000074aa00000| Untracked 
| 171|0x000000074ab00000, 0x000000074ab00000, 0x000000074ac00000|  0%| F|  |TAMS 0x000000074ab00000, 0x000000074ab00000| Untracked 
| 172|0x000000074ac00000, 0x000000074ac00000, 0x000000074ad00000|  0%| F|  |TAMS 0x000000074ac00000, 0x000000074ac00000| Untracked 
| 173|0x000000074ad00000, 0x000000074ad00000, 0x000000074ae00000|  0%| F|  |TAMS 0x000000074ad00000, 0x000000074ad00000| Untracked 
| 174|0x000000074ae00000, 0x000000074ae00000, 0x000000074af00000|  0%| F|  |TAMS 0x000000074ae00000, 0x000000074ae00000| Untracked 
| 175|0x000000074af00000, 0x000000074af00000, 0x000000074b000000|  0%| F|  |TAMS 0x000000074af00000, 0x000000074af00000| Untracked 
| 176|0x000000074b000000, 0x000000074b000000, 0x000000074b100000|  0%| F|  |TAMS 0x000000074b000000, 0x000000074b000000| Untracked 
| 177|0x000000074b100000, 0x000000074b100000, 0x000000074b200000|  0%| F|  |TAMS 0x000000074b100000, 0x000000074b100000| Untracked 
| 178|0x000000074b200000, 0x000000074b200000, 0x000000074b300000|  0%| F|  |TAMS 0x000000074b200000, 0x000000074b200000| Untracked 
| 179|0x000000074b300000, 0x000000074b300000, 0x000000074b400000|  0%| F|  |TAMS 0x000000074b300000, 0x000000074b300000| Untracked 
| 180|0x000000074b400000, 0x000000074b400000, 0x000000074b500000|  0%| F|  |TAMS 0x000000074b400000, 0x000000074b400000| Untracked 
| 181|0x000000074b500000, 0x000000074b500000, 0x000000074b600000|  0%| F|  |TAMS 0x000000074b500000, 0x000000074b500000| Untracked 
| 182|0x000000074b600000, 0x000000074b600000, 0x000000074b700000|  0%| F|  |TAMS 0x000000074b600000, 0x000000074b600000| Untracked 
| 183|0x000000074b700000, 0x000000074b700000, 0x000000074b800000|  0%| F|  |TAMS 0x000000074b700000, 0x000000074b700000| Untracked 
| 184|0x000000074b800000, 0x000000074b800000, 0x000000074b900000|  0%| F|  |TAMS 0x000000074b800000, 0x000000074b800000| Untracked 
| 185|0x000000074b900000, 0x000000074b900000, 0x000000074ba00000|  0%| F|  |TAMS 0x000000074b900000, 0x000000074b900000| Untracked 
| 186|0x000000074ba00000, 0x000000074ba00000, 0x000000074bb00000|  0%| F|  |TAMS 0x000000074ba00000, 0x000000074ba00000| Untracked 
| 187|0x000000074bb00000, 0x000000074bb00000, 0x000000074bc00000|  0%| F|  |TAMS 0x000000074bb00000, 0x000000074bb00000| Untracked 
| 188|0x000000074bc00000, 0x000000074bc00000, 0x000000074bd00000|  0%| F|  |TAMS 0x000000074bc00000, 0x000000074bc00000| Untracked 
| 189|0x000000074bd00000, 0x000000074bd00000, 0x000000074be00000|  0%| F|  |TAMS 0x000000074bd00000, 0x000000074bd00000| Untracked 
| 190|0x000000074be00000, 0x000000074be00000, 0x000000074bf00000|  0%| F|  |TAMS 0x000000074be00000, 0x000000074be00000| Untracked 
| 191|0x000000074bf00000, 0x000000074bf00000, 0x000000074c000000|  0%| F|  |TAMS 0x000000074bf00000, 0x000000074bf00000| Untracked 
| 192|0x000000074c000000, 0x000000074c000000, 0x000000074c100000|  0%| F|  |TAMS 0x000000074c000000, 0x000000074c000000| Untracked 
| 193|0x000000074c100000, 0x000000074c100000, 0x000000074c200000|  0%| F|  |TAMS 0x000000074c100000, 0x000000074c100000| Untracked 
| 194|0x000000074c200000, 0x000000074c200000, 0x000000074c300000|  0%| F|  |TAMS 0x000000074c200000, 0x000000074c200000| Untracked 
| 195|0x000000074c300000, 0x000000074c300000, 0x000000074c400000|  0%| F|  |TAMS 0x000000074c300000, 0x000000074c300000| Untracked 
| 196|0x000000074c400000, 0x000000074c4df578, 0x000000074c500000| 87%| S|CS|TAMS 0x000000074c400000, 0x000000074c400000| Complete 
| 197|0x000000074c500000, 0x000000074c500000, 0x000000074c600000|  0%| F|  |TAMS 0x000000074c500000, 0x000000074c500000| Untracked 
| 198|0x000000074c600000, 0x000000074c600000, 0x000000074c700000|  0%| F|  |TAMS 0x000000074c600000, 0x000000074c600000| Untracked 
| 199|0x000000074c700000, 0x000000074c700000, 0x000000074c800000|  0%| F|  |TAMS 0x000000074c700000, 0x000000074c700000| Untracked 
| 200|0x000000074c800000, 0x000000074c800000, 0x000000074c900000|  0%| F|  |TAMS 0x000000074c800000, 0x000000074c800000| Untracked 
| 201|0x000000074c900000, 0x000000074c900000, 0x000000074ca00000|  0%| F|  |TAMS 0x000000074c900000, 0x000000074c900000| Untracked 
| 202|0x000000074ca00000, 0x000000074ca00000, 0x000000074cb00000|  0%| F|  |TAMS 0x000000074ca00000, 0x000000074ca00000| Untracked 
| 203|0x000000074cb00000, 0x000000074cb00000, 0x000000074cc00000|  0%| F|  |TAMS 0x000000074cb00000, 0x000000074cb00000| Untracked 
| 204|0x000000074cc00000, 0x000000074cc00000, 0x000000074cd00000|  0%| F|  |TAMS 0x000000074cc00000, 0x000000074cc00000| Untracked 
| 205|0x000000074cd00000, 0x000000074cd00000, 0x000000074ce00000|  0%| F|  |TAMS 0x000000074cd00000, 0x000000074cd00000| Untracked 
| 206|0x000000074ce00000, 0x000000074ce00000, 0x000000074cf00000|  0%| F|  |TAMS 0x000000074ce00000, 0x000000074ce00000| Untracked 
| 207|0x000000074cf00000, 0x000000074cf00000, 0x000000074d000000|  0%| F|  |TAMS 0x000000074cf00000, 0x000000074cf00000| Untracked 
| 208|0x000000074d000000, 0x000000074d000000, 0x000000074d100000|  0%| F|  |TAMS 0x000000074d000000, 0x000000074d000000| Untracked 
| 209|0x000000074d100000, 0x000000074d100000, 0x000000074d200000|  0%| F|  |TAMS 0x000000074d100000, 0x000000074d100000| Untracked 
| 210|0x000000074d200000, 0x000000074d200000, 0x000000074d300000|  0%| F|  |TAMS 0x000000074d200000, 0x000000074d200000| Untracked 
| 211|0x000000074d300000, 0x000000074d300000, 0x000000074d400000|  0%| F|  |TAMS 0x000000074d300000, 0x000000074d300000| Untracked 
| 212|0x000000074d400000, 0x000000074d400000, 0x000000074d500000|  0%| F|  |TAMS 0x000000074d400000, 0x000000074d400000| Untracked 
| 213|0x000000074d500000, 0x000000074d500000, 0x000000074d600000|  0%| F|  |TAMS 0x000000074d500000, 0x000000074d500000| Untracked 
| 214|0x000000074d600000, 0x000000074d600000, 0x000000074d700000|  0%| F|  |TAMS 0x000000074d600000, 0x000000074d600000| Untracked 
| 215|0x000000074d700000, 0x000000074d700000, 0x000000074d800000|  0%| F|  |TAMS 0x000000074d700000, 0x000000074d700000| Untracked 
| 216|0x000000074d800000, 0x000000074d800000, 0x000000074d900000|  0%| F|  |TAMS 0x000000074d800000, 0x000000074d800000| Untracked 
| 217|0x000000074d900000, 0x000000074d900000, 0x000000074da00000|  0%| F|  |TAMS 0x000000074d900000, 0x000000074d900000| Untracked 
| 218|0x000000074da00000, 0x000000074da00000, 0x000000074db00000|  0%| F|  |TAMS 0x000000074da00000, 0x000000074da00000| Untracked 
| 219|0x000000074db00000, 0x000000074db00000, 0x000000074dc00000|  0%| F|  |TAMS 0x000000074db00000, 0x000000074db00000| Untracked 
| 220|0x000000074dc00000, 0x000000074dc00000, 0x000000074dd00000|  0%| F|  |TAMS 0x000000074dc00000, 0x000000074dc00000| Untracked 
| 221|0x000000074dd00000, 0x000000074dd00000, 0x000000074de00000|  0%| F|  |TAMS 0x000000074dd00000, 0x000000074dd00000| Untracked 
| 222|0x000000074de00000, 0x000000074de00000, 0x000000074df00000|  0%| F|  |TAMS 0x000000074de00000, 0x000000074de00000| Untracked 
| 223|0x000000074df00000, 0x000000074df00000, 0x000000074e000000|  0%| F|  |TAMS 0x000000074df00000, 0x000000074df00000| Untracked 
| 224|0x000000074e000000, 0x000000074e000000, 0x000000074e100000|  0%| F|  |TAMS 0x000000074e000000, 0x000000074e000000| Untracked 
| 225|0x000000074e100000, 0x000000074e100000, 0x000000074e200000|  0%| F|  |TAMS 0x000000074e100000, 0x000000074e100000| Untracked 
| 226|0x000000074e200000, 0x000000074e200000, 0x000000074e300000|  0%| F|  |TAMS 0x000000074e200000, 0x000000074e200000| Untracked 
| 227|0x000000074e300000, 0x000000074e300000, 0x000000074e400000|  0%| F|  |TAMS 0x000000074e300000, 0x000000074e300000| Untracked 
| 228|0x000000074e400000, 0x000000074e400000, 0x000000074e500000|  0%| F|  |TAMS 0x000000074e400000, 0x000000074e400000| Untracked 
| 229|0x000000074e500000, 0x000000074e500000, 0x000000074e600000|  0%| F|  |TAMS 0x000000074e500000, 0x000000074e500000| Untracked 
| 230|0x000000074e600000, 0x000000074e600000, 0x000000074e700000|  0%| F|  |TAMS 0x000000074e600000, 0x000000074e600000| Untracked 
| 231|0x000000074e700000, 0x000000074e700000, 0x000000074e800000|  0%| F|  |TAMS 0x000000074e700000, 0x000000074e700000| Untracked 
| 232|0x000000074e800000, 0x000000074e800000, 0x000000074e900000|  0%| F|  |TAMS 0x000000074e800000, 0x000000074e800000| Untracked 
| 233|0x000000074e900000, 0x000000074e900000, 0x000000074ea00000|  0%| F|  |TAMS 0x000000074e900000, 0x000000074e900000| Untracked 
| 234|0x000000074ea00000, 0x000000074ea00000, 0x000000074eb00000|  0%| F|  |TAMS 0x000000074ea00000, 0x000000074ea00000| Untracked 
| 235|0x000000074eb00000, 0x000000074eb00000, 0x000000074ec00000|  0%| F|  |TAMS 0x000000074eb00000, 0x000000074eb00000| Untracked 
| 236|0x000000074ec00000, 0x000000074ec00000, 0x000000074ed00000|  0%| F|  |TAMS 0x000000074ec00000, 0x000000074ec00000| Untracked 
| 237|0x000000074ed00000, 0x000000074ed00000, 0x000000074ee00000|  0%| F|  |TAMS 0x000000074ed00000, 0x000000074ed00000| Untracked 
| 238|0x000000074ee00000, 0x000000074ee00000, 0x000000074ef00000|  0%| F|  |TAMS 0x000000074ee00000, 0x000000074ee00000| Untracked 
| 239|0x000000074ef00000, 0x000000074ef00000, 0x000000074f000000|  0%| F|  |TAMS 0x000000074ef00000, 0x000000074ef00000| Untracked 
| 240|0x000000074f000000, 0x000000074f000000, 0x000000074f100000|  0%| F|  |TAMS 0x000000074f000000, 0x000000074f000000| Untracked 
| 241|0x000000074f100000, 0x000000074f100000, 0x000000074f200000|  0%| F|  |TAMS 0x000000074f100000, 0x000000074f100000| Untracked 
| 242|0x000000074f200000, 0x000000074f200000, 0x000000074f300000|  0%| F|  |TAMS 0x000000074f200000, 0x000000074f200000| Untracked 
| 243|0x000000074f300000, 0x000000074f300000, 0x000000074f400000|  0%| F|  |TAMS 0x000000074f300000, 0x000000074f300000| Untracked 
| 244|0x000000074f400000, 0x000000074f400000, 0x000000074f500000|  0%| F|  |TAMS 0x000000074f400000, 0x000000074f400000| Untracked 
| 245|0x000000074f500000, 0x000000074f500000, 0x000000074f600000|  0%| F|  |TAMS 0x000000074f500000, 0x000000074f500000| Untracked 
| 246|0x000000074f600000, 0x000000074f600000, 0x000000074f700000|  0%| F|  |TAMS 0x000000074f600000, 0x000000074f600000| Untracked 
| 247|0x000000074f700000, 0x000000074f700000, 0x000000074f800000|  0%| F|  |TAMS 0x000000074f700000, 0x000000074f700000| Untracked 
| 248|0x000000074f800000, 0x000000074f800000, 0x000000074f900000|  0%| F|  |TAMS 0x000000074f800000, 0x000000074f800000| Untracked 
| 249|0x000000074f900000, 0x000000074f900000, 0x000000074fa00000|  0%| F|  |TAMS 0x000000074f900000, 0x000000074f900000| Untracked 
| 250|0x000000074fa00000, 0x000000074fa00000, 0x000000074fb00000|  0%| F|  |TAMS 0x000000074fa00000, 0x000000074fa00000| Untracked 
| 251|0x000000074fb00000, 0x000000074fb00000, 0x000000074fc00000|  0%| F|  |TAMS 0x000000074fb00000, 0x000000074fb00000| Untracked 
| 252|0x000000074fc00000, 0x000000074fc00000, 0x000000074fd00000|  0%| F|  |TAMS 0x000000074fc00000, 0x000000074fc00000| Untracked 
| 253|0x000000074fd00000, 0x000000074fd00000, 0x000000074fe00000|  0%| F|  |TAMS 0x000000074fd00000, 0x000000074fd00000| Untracked 
| 254|0x000000074fe00000, 0x000000074fe25788, 0x000000074ff00000| 14%| E|  |TAMS 0x000000074fe00000, 0x000000074fe00000| Complete 
| 255|0x000000074ff00000, 0x0000000750000000, 0x0000000750000000|100%| E|CS|TAMS 0x000000074ff00000, 0x000000074ff00000| Complete 

Card table byte_map: [0x000001d99dc80000,0x000001d99e280000] _byte_map_base: 0x000001d99a280000

Marking Bits (Prev, Next): (CMBitMap*) 0x000001d9a4a4d0a0, (CMBitMap*) 0x000001d9a4a4d068
 Prev Bits: [0x000001d9a84d0000, 0x000001d9ab4d0000)
 Next Bits: [0x000001d9a54d0000, 0x000001d9a84d0000)

Polling page: 0x000001d983930000

Metaspace:

Usage:
  Non-class:     78.43 MB capacity,    77.18 MB ( 98%) used,   956.34 KB (  1%) free+waste,   322.63 KB ( <1%) overhead. 
      Class:     12.62 MB capacity,    11.58 MB ( 92%) used,   913.45 KB (  7%) free+waste,   155.44 KB (  1%) overhead. 
       Both:     91.06 MB capacity,    88.76 MB ( 97%) used,     1.83 MB (  2%) free+waste,   478.06 KB ( <1%) overhead. 

Virtual space:
  Non-class space:       80.00 MB reserved,      78.59 MB ( 98%) committed 
      Class space:        1.00 GB reserved,      12.70 MB (  1%) committed 
             Both:        1.08 GB reserved,      91.29 MB (  8%) committed 

Chunk freelists:
   Non-Class:  34.00 KB
       Class:  1.00 KB
        Both:  35.00 KB

MaxMetaspaceSize: 17179869184.00 GB
CompressedClassSpaceSize: 1.00 GB

CodeHeap 'non-profiled nmethods': size=120064Kb used=15313Kb max_used=15313Kb free=104750Kb
 bounds [0x000001d996140000, 0x000001d997040000, 0x000001d99d680000]
CodeHeap 'profiled nmethods': size=120000Kb used=39852Kb max_used=39852Kb free=80147Kb
 bounds [0x000001d98ec10000, 0x000001d991320000, 0x000001d996140000]
CodeHeap 'non-nmethods': size=5696Kb used=1650Kb max_used=1710Kb free=4045Kb
 bounds [0x000001d98e680000, 0x000001d98e8f0000, 0x000001d98ec10000]
 total_blobs=16394 nmethods=15189 adapters=1111
 compilation: enabled
              stopped_count=0, restarted_count=0
 full_count=0

Compilation events (20 events):
Event: 207.414 Thread 0x000001d9c576d800 17618       3       javax.swing.plaf.synth.SynthRootPaneUI::createUI (8 bytes)
Event: 207.414 Thread 0x000001d9c576d800 nmethod 17618 0x000001d990942a90 code [0x000001d990942c60, 0x000001d990942f78]
Event: 207.414 Thread 0x000001d9c576d800 17619       3       javax.swing.plaf.synth.SynthRootPaneUI::<init> (5 bytes)
Event: 207.414 Thread 0x000001d9c576d800 nmethod 17619 0x000001d990afcf10 code [0x000001d990afd0e0, 0x000001d990afd358]
Event: 207.425 Thread 0x000001d9a4eb1800 17620       4       javax.swing.ListSelectionModel::getSelectedIndices (91 bytes)
Event: 207.429 Thread 0x000001d9c576d800 17621       3       com.jidesoft.status.a::getResourceBundle (7 bytes)
Event: 207.430 Thread 0x000001d9c576d800 nmethod 17621 0x000001d99131bb90 code [0x000001d99131bde0, 0x000001d99131c428]
Event: 207.431 Thread 0x000001d9a4eb1800 nmethod 17620 0x000001d997032a90 code [0x000001d997032c60, 0x000001d997033128]
Event: 207.484 Thread 0x000001d9c576d800 17622       3       ui.data.common.a.q::aUv (8 bytes)
Event: 207.484 Thread 0x000001d9c576d800 nmethod 17622 0x000001d9907d8610 code [0x000001d9907d87c0, 0x000001d9907d88e8]
Event: 207.485 Thread 0x000001d9a4eb1800 17623   !   4       java.lang.ref.ReferenceQueue::remove (125 bytes)
Event: 207.492 Thread 0x000001d9a4eb1800 nmethod 17623 0x000001d997033810 code [0x000001d9970339e0, 0x000001d997034370]
Event: 207.780 Thread 0x000001d9c576d800 17625       3       com.jidesoft.status.ProgressStatusBarItem::getPreferredSize (18 bytes)
Event: 207.780 Thread 0x000001d9c576d800 nmethod 17625 0x000001d99131c710 code [0x000001d99131c8e0, 0x000001d99131cbc8]
Event: 207.780 Thread 0x000001d9c576d800 17626       3       com.jidesoft.status.MemoryStatusBarItem::getPreferredWidth (49 bytes)
Event: 207.781 Thread 0x000001d9c576d800 nmethod 17626 0x000001d99131cd10 code [0x000001d99131d040, 0x000001d99131e368]
Event: 207.782 Thread 0x000001d9a4eb1800 17627       4       java.awt.WaitDispatchSupport$1::evaluate (133 bytes)
Event: 207.786 Thread 0x000001d9a4eb1800 nmethod 17627 0x000001d997034610 code [0x000001d997034800, 0x000001d997034b88]
Event: 207.936 Thread 0x000001d9a4eb1800 17629       4       sun.java2d.SunGraphics2D::setStroke (60 bytes)
Event: 207.941 Thread 0x000001d9a4eb1800 nmethod 17629 0x000001d997035510 code [0x000001d9970356c0, 0x000001d997035ce8]

GC Heap History (20 events):
Event: 178.685 GC heap before
{Heap before GC invocations=65 (full 38):
 garbage-first heap   total 262144K, used 133987K [0x0000000740000000, 0x0000000800000000)
  region size 1024K, 60 young (61440K), 1 survivors (1024K)
 Metaspace       used 89262K, capacity 91682K, committed 91816K, reserved 1128448K
  class space    used 11727K, capacity 12795K, committed 12876K, reserved 1048576K
}
Event: 178.686 GC heap after
{Heap after GC invocations=66 (full 38):
 garbage-first heap   total 262144K, used 73339K [0x0000000740000000, 0x0000000800000000)
  region size 1024K, 1 young (1024K), 1 survivors (1024K)
 Metaspace       used 89262K, capacity 91682K, committed 91816K, reserved 1128448K
  class space    used 11727K, capacity 12795K, committed 12876K, reserved 1048576K
}
Event: 181.718 GC heap before
{Heap before GC invocations=66 (full 38):
 garbage-first heap   total 262144K, used 133755K [0x0000000740000000, 0x0000000800000000)
  region size 1024K, 60 young (61440K), 1 survivors (1024K)
 Metaspace       used 89283K, capacity 91682K, committed 91816K, reserved 1128448K
  class space    used 11728K, capacity 12795K, committed 12876K, reserved 1048576K
}
Event: 181.719 GC heap after
{Heap after GC invocations=67 (full 38):
 garbage-first heap   total 262144K, used 73249K [0x0000000740000000, 0x0000000800000000)
  region size 1024K, 1 young (1024K), 1 survivors (1024K)
 Metaspace       used 89283K, capacity 91682K, committed 91816K, reserved 1128448K
  class space    used 11728K, capacity 12795K, committed 12876K, reserved 1048576K
}
Event: 191.251 GC heap before
{Heap before GC invocations=67 (full 38):
 garbage-first heap   total 262144K, used 133665K [0x0000000740000000, 0x0000000800000000)
  region size 1024K, 60 young (61440K), 1 survivors (1024K)
 Metaspace       used 90464K, capacity 92837K, committed 92968K, reserved 1130496K
  class space    used 11846K, capacity 12924K, committed 13004K, reserved 1048576K
}
Event: 191.253 GC heap after
{Heap after GC invocations=68 (full 38):
 garbage-first heap   total 262144K, used 73472K [0x0000000740000000, 0x0000000800000000)
  region size 1024K, 1 young (1024K), 1 survivors (1024K)
 Metaspace       used 90464K, capacity 92837K, committed 92968K, reserved 1130496K
  class space    used 11846K, capacity 12924K, committed 13004K, reserved 1048576K
}
Event: 193.523 GC heap before
{Heap before GC invocations=68 (full 38):
 garbage-first heap   total 262144K, used 133888K [0x0000000740000000, 0x0000000800000000)
  region size 1024K, 60 young (61440K), 1 survivors (1024K)
 Metaspace       used 90515K, capacity 92901K, committed 93224K, reserved 1130496K
  class space    used 11846K, capacity 12924K, committed 13004K, reserved 1048576K
}
Event: 193.525 GC heap after
{Heap after GC invocations=69 (full 38):
 garbage-first heap   total 262144K, used 73558K [0x0000000740000000, 0x0000000800000000)
  region size 1024K, 1 young (1024K), 1 survivors (1024K)
 Metaspace       used 90515K, capacity 92901K, committed 93224K, reserved 1130496K
  class space    used 11846K, capacity 12924K, committed 13004K, reserved 1048576K
}
Event: 197.198 GC heap before
{Heap before GC invocations=69 (full 38):
 garbage-first heap   total 262144K, used 133974K [0x0000000740000000, 0x0000000800000000)
  region size 1024K, 60 young (61440K), 1 survivors (1024K)
 Metaspace       used 90607K, capacity 92974K, committed 93224K, reserved 1130496K
  class space    used 11850K, capacity 12927K, committed 13004K, reserved 1048576K
}
Event: 197.202 GC heap after
{Heap after GC invocations=70 (full 38):
 garbage-first heap   total 262144K, used 73971K [0x0000000740000000, 0x0000000800000000)
  region size 1024K, 2 young (2048K), 2 survivors (2048K)
 Metaspace       used 90607K, capacity 92974K, committed 93224K, reserved 1130496K
  class space    used 11850K, capacity 12927K, committed 13004K, reserved 1048576K
}
Event: 197.954 GC heap before
{Heap before GC invocations=70 (full 38):
 garbage-first heap   total 262144K, used 103667K [0x0000000740000000, 0x0000000800000000)
  region size 1024K, 32 young (32768K), 2 survivors (2048K)
 Metaspace       used 90674K, capacity 93048K, committed 93224K, reserved 1130496K
  class space    used 11850K, capacity 12927K, committed 13004K, reserved 1048576K
}
Event: 198.023 GC heap after
{Heap after GC invocations=71 (full 39):
 garbage-first heap   total 262144K, used 72776K [0x0000000740000000, 0x0000000800000000)
  region size 1024K, 0 young (0K), 0 survivors (0K)
 Metaspace       used 90674K, capacity 93048K, committed 93224K, reserved 1130496K
  class space    used 11850K, capacity 12927K, committed 13004K, reserved 1048576K
}
Event: 200.937 GC heap before
{Heap before GC invocations=71 (full 39):
 garbage-first heap   total 262144K, used 134216K [0x0000000740000000, 0x0000000800000000)
  region size 1024K, 60 young (61440K), 0 survivors (0K)
 Metaspace       used 90759K, capacity 93176K, committed 93480K, reserved 1130496K
  class space    used 11850K, capacity 12927K, committed 13004K, reserved 1048576K
}
Event: 200.940 GC heap after
{Heap after GC invocations=72 (full 39):
 garbage-first heap   total 262144K, used 73366K [0x0000000740000000, 0x0000000800000000)
  region size 1024K, 1 young (1024K), 1 survivors (1024K)
 Metaspace       used 90759K, capacity 93176K, committed 93480K, reserved 1130496K
  class space    used 11850K, capacity 12927K, committed 13004K, reserved 1048576K
}
Event: 203.864 GC heap before
{Heap before GC invocations=72 (full 39):
 garbage-first heap   total 262144K, used 133782K [0x0000000740000000, 0x0000000800000000)
  region size 1024K, 60 young (61440K), 1 survivors (1024K)
 Metaspace       used 90773K, capacity 93176K, committed 93480K, reserved 1130496K
  class space    used 11850K, capacity 12927K, committed 13004K, reserved 1048576K
}
Event: 203.866 GC heap after
{Heap after GC invocations=73 (full 39):
 garbage-first heap   total 262144K, used 73459K [0x0000000740000000, 0x0000000800000000)
  region size 1024K, 1 young (1024K), 1 survivors (1024K)
 Metaspace       used 90773K, capacity 93176K, committed 93480K, reserved 1130496K
  class space    used 11850K, capacity 12927K, committed 13004K, reserved 1048576K
}
Event: 205.466 GC heap before
{Heap before GC invocations=73 (full 39):
 garbage-first heap   total 262144K, used 133875K [0x0000000740000000, 0x0000000800000000)
  region size 1024K, 60 young (61440K), 1 survivors (1024K)
 Metaspace       used 90821K, capacity 93241K, committed 93480K, reserved 1130496K
  class space    used 11850K, capacity 12927K, committed 13004K, reserved 1048576K
}
Event: 205.468 GC heap after
{Heap after GC invocations=74 (full 39):
 garbage-first heap   total 262144K, used 73545K [0x0000000740000000, 0x0000000800000000)
  region size 1024K, 1 young (1024K), 1 survivors (1024K)
 Metaspace       used 90821K, capacity 93241K, committed 93480K, reserved 1130496K
  class space    used 11850K, capacity 12927K, committed 13004K, reserved 1048576K
}
Event: 207.479 GC heap before
{Heap before GC invocations=74 (full 39):
 garbage-first heap   total 262144K, used 133961K [0x0000000740000000, 0x0000000800000000)
  region size 1024K, 60 young (61440K), 1 survivors (1024K)
 Metaspace       used 90890K, capacity 93241K, committed 93480K, reserved 1130496K
  class space    used 11858K, capacity 12927K, committed 13004K, reserved 1048576K
}
Event: 207.483 GC heap after
{Heap after GC invocations=75 (full 39):
 garbage-first heap   total 262144K, used 73669K [0x0000000740000000, 0x0000000800000000)
  region size 1024K, 1 young (1024K), 1 survivors (1024K)
 Metaspace       used 90890K, capacity 93241K, committed 93480K, reserved 1130496K
  class space    used 11858K, capacity 12927K, committed 13004K, reserved 1048576K
}

Deoptimization events (20 events):
Event: 206.591 Thread 0x000001d982f79000 Uncommon trap: trap_request=0xffffffc6 fr.pc=0x000001d996f92478 relative=0x0000000000001e18
Event: 206.591 Thread 0x000001d982f79000 Uncommon trap: reason=bimorphic_or_optimized_type_check action=maybe_recompile pc=0x000001d996f92478 method=com.jidesoft.swing.JideSwingUtilities.getButtonState(Ljavax/swing/AbstractButton;)I @ 84 c2
Event: 206.591 Thread 0x000001d982f79000 DEOPT PACKING pc=0x000001d996f92478 sp=0x000000c64d8faac0
Event: 206.591 Thread 0x000001d982f79000 DEOPT UNPACKING pc=0x000001d98e6a68af sp=0x000000c64d8fa998 mode 2
Event: 206.615 Thread 0x000001d982f79000 Uncommon trap: trap_request=0xffffff4d fr.pc=0x000001d996f97288 relative=0x0000000000000a48
Event: 206.615 Thread 0x000001d982f79000 Uncommon trap: reason=unstable_if action=reinterpret pc=0x000001d996f97288 method=com.jidesoft.grid.JideTable.rowAtPoint(Ljava/awt/Point;)I @ 58 c2
Event: 206.615 Thread 0x000001d982f79000 DEOPT PACKING pc=0x000001d996f97288 sp=0x000000c64d8f8750
Event: 206.615 Thread 0x000001d982f79000 DEOPT UNPACKING pc=0x000001d98e6a68af sp=0x000000c64d8f8688 mode 2
Event: 206.615 Thread 0x000001d982f79000 Uncommon trap: trap_request=0xffffff4d fr.pc=0x000001d9970282e0 relative=0x0000000000000a20
Event: 206.615 Thread 0x000001d982f79000 Uncommon trap: reason=unstable_if action=reinterpret pc=0x000001d9970282e0 method=com.jidesoft.grid.JideTable.rowAtPoint(Ljava/awt/Point;)I @ 58 c2
Event: 206.615 Thread 0x000001d982f79000 DEOPT PACKING pc=0x000001d9970282e0 sp=0x000000c64d8f8750
Event: 206.615 Thread 0x000001d982f79000 DEOPT UNPACKING pc=0x000001d98e6a68af sp=0x000000c64d8f8688 mode 2
Event: 206.624 Thread 0x000001d982f79000 Uncommon trap: trap_request=0xffffff4d fr.pc=0x000001d996845364 relative=0x0000000000000204
Event: 206.624 Thread 0x000001d982f79000 Uncommon trap: reason=unstable_if action=reinterpret pc=0x000001d996845364 method=com.jidesoft.grid.JideTable.rowAtPoint(Ljava/awt/Point;)I @ 58 c2
Event: 206.624 Thread 0x000001d982f79000 DEOPT PACKING pc=0x000001d996845364 sp=0x000000c64d8f86f0
Event: 206.624 Thread 0x000001d982f79000 DEOPT UNPACKING pc=0x000001d98e6a68af sp=0x000000c64d8f8670 mode 2
Event: 207.403 Thread 0x000001d982f79000 Uncommon trap: trap_request=0xffffffc6 fr.pc=0x000001d996e83594 relative=0x0000000000003e74
Event: 207.403 Thread 0x000001d982f79000 Uncommon trap: reason=bimorphic_or_optimized_type_check action=maybe_recompile pc=0x000001d996e83594 method=java.awt.DefaultKeyboardFocusManager.dispatchEvent(Ljava/awt/AWTEvent;)Z @ 1462 c2
Event: 207.403 Thread 0x000001d982f79000 DEOPT PACKING pc=0x000001d996e83594 sp=0x000000c64d8f1d60
Event: 207.403 Thread 0x000001d982f79000 DEOPT UNPACKING pc=0x000001d98e6a68af sp=0x000000c64d8f1d20 mode 2

Classes redefined (0 events):
No events

Internal exceptions (20 events):
Event: 173.081 Thread 0x000001d982f79000 Exception <a 'java/lang/NoSuchMethodError'{0x000000074e5295e0}: 'java.lang.Object java.lang.invoke.DelegatingMethodHandle$Holder.reinvoke_L(java.lang.Object, java.lang.Object, int, int, java.lang.Object, java.lang.Object, int, java.lang.Object, int, int)'> (0x000000074e5295e0) thrown at [./src/hotspot/share/interpreter/linkResolver.cpp, line 773]
Event: 173.083 Thread 0x000001d982f79000 Exception <a 'java/lang/NoSuchMethodError'{0x000000074e5872f8}: 'java.lang.Object java.lang.invoke.DirectMethodHandle$Holder.invokeSpecial(java.lang.Object, java.lang.Object, int, int, int, java.lang.Object, java.lang.Object, int, java.lang.Object, int, int)'> (0x000000074e5872f8) thrown at [./src/hotspot/share/interpreter/linkResolver.cpp, line 773]
Event: 173.083 Thread 0x000001d982f79000 Exception <a 'java/lang/NoSuchMethodError'{0x000000074e58ae40}: 'java.lang.Object java.lang.invoke.DelegatingMethodHandle$Holder.reinvoke_L(java.lang.Object, int, int, int, java.lang.Object, java.lang.Object, int, java.lang.Object, int, int)'> (0x000000074e58ae40) thrown at [./src/hotspot/share/interpreter/linkResolver.cpp, line 773]
Event: 173.169 Thread 0x000001d982f79000 Exception <a 'java/lang/NoSuchMethodError'{0x000000074e3bdcb0}: 'void java.lang.invoke.DirectMethodHandle$Holder.invokeSpecial(java.lang.Object, java.lang.Object, int, java.lang.Object)'> (0x000000074e3bdcb0) thrown at [./src/hotspot/share/interpreter/linkResolver.cpp, line 773]
Event: 173.170 Thread 0x000001d982f79000 Exception <a 'java/lang/NoSuchMethodError'{0x000000074e3c34a8}: 'java.lang.Object java.lang.invoke.DirectMethodHandle$Holder.invokeStatic(java.lang.Object, java.lang.Object, int, java.lang.Object)'> (0x000000074e3c34a8) thrown at [./src/hotspot/share/interpreter/linkResolver.cpp, line 773]
Event: 173.196 Thread 0x000001d982f79000 Implicit null exception at 0x000001d99641d023 to 0x000001d99641e1e4
Event: 174.632 Thread 0x000001d982f79000 Exception <a 'java/io/FileNotFoundException'{0x000000074c660e58}> (0x000000074c660e58) thrown at [./src/hotspot/share/prims/jni.cpp, line 615]
Event: 174.632 Thread 0x000001d982f79000 Exception <a 'java/io/FileNotFoundException'{0x000000074c661678}> (0x000000074c661678) thrown at [./src/hotspot/share/prims/jni.cpp, line 615]
Event: 179.632 Thread 0x000001d982f79000 Exception <a 'java/io/FileNotFoundException'{0x000000074f0268a8}> (0x000000074f0268a8) thrown at [./src/hotspot/share/prims/jni.cpp, line 615]
Event: 179.632 Thread 0x000001d982f79000 Exception <a 'java/io/FileNotFoundException'{0x000000074f0270c8}> (0x000000074f0270c8) thrown at [./src/hotspot/share/prims/jni.cpp, line 615]
Event: 184.633 Thread 0x000001d982f79000 Exception <a 'java/io/FileNotFoundException'{0x000000074cfc7308}> (0x000000074cfc7308) thrown at [./src/hotspot/share/prims/jni.cpp, line 615]
Event: 184.633 Thread 0x000001d982f79000 Exception <a 'java/io/FileNotFoundException'{0x000000074cfc7b28}> (0x000000074cfc7b28) thrown at [./src/hotspot/share/prims/jni.cpp, line 615]
Event: 189.634 Thread 0x000001d982f79000 Exception <a 'java/io/FileNotFoundException'{0x000000074cfe5bd0}> (0x000000074cfe5bd0) thrown at [./src/hotspot/share/prims/jni.cpp, line 615]
Event: 189.634 Thread 0x000001d982f79000 Exception <a 'java/io/FileNotFoundException'{0x000000074cfe63f0}> (0x000000074cfe63f0) thrown at [./src/hotspot/share/prims/jni.cpp, line 615]
Event: 194.635 Thread 0x000001d982f79000 Exception <a 'java/io/FileNotFoundException'{0x000000074f621c08}> (0x000000074f621c08) thrown at [./src/hotspot/share/prims/jni.cpp, line 615]
Event: 194.636 Thread 0x000001d982f79000 Exception <a 'java/io/FileNotFoundException'{0x000000074f622428}> (0x000000074f622428) thrown at [./src/hotspot/share/prims/jni.cpp, line 615]
Event: 199.636 Thread 0x000001d982f79000 Exception <a 'java/io/FileNotFoundException'{0x000000074dba85a8}> (0x000000074dba85a8) thrown at [./src/hotspot/share/prims/jni.cpp, line 615]
Event: 199.636 Thread 0x000001d982f79000 Exception <a 'java/io/FileNotFoundException'{0x000000074dba8de0}> (0x000000074dba8de0) thrown at [./src/hotspot/share/prims/jni.cpp, line 615]
Event: 204.742 Thread 0x000001d982f79000 Exception <a 'java/io/FileNotFoundException'{0x000000074dab1840}> (0x000000074dab1840) thrown at [./src/hotspot/share/prims/jni.cpp, line 615]
Event: 204.742 Thread 0x000001d982f79000 Exception <a 'java/io/FileNotFoundException'{0x000000074dab2060}> (0x000000074dab2060) thrown at [./src/hotspot/share/prims/jni.cpp, line 615]

Events (20 events):
Event: 207.220 Executing VM operation: BulkRevokeBias
Event: 207.220 Executing VM operation: BulkRevokeBias done
Event: 207.220 Thread 0x000001d9bde52800 Thread exited: 0x000001d9bde52800
Event: 207.375 loading class ui/views/c/t/b/c
Event: 207.375 loading class ui/views/c/t/b/c done
Event: 207.375 loading class ui/views/c/t/b/b
Event: 207.375 loading class ui/views/c/t/b/b done
Event: 207.379 Thread 0x000001d9bde4c800 Thread added: 0x000001d9bde4c800
Event: 207.383 Executing VM operation: RevokeBias
Event: 207.384 Executing VM operation: RevokeBias done
Event: 207.385 Executing VM operation: RevokeBias
Event: 207.385 Executing VM operation: RevokeBias done
Event: 207.423 loading class com/jidesoft/grid/TableUtils$ColumnSelectionRow
Event: 207.423 loading class com/jidesoft/grid/TableUtils$ColumnSelectionRow done
Event: 207.479 Executing VM operation: G1CollectForAllocation
Event: 207.483 Executing VM operation: G1CollectForAllocation done
Event: 207.485 Loaded shared library D:\Vivado\2021.2\lib\win64.o\librdi_common.dll
Event: 207.841 Loaded shared library D:\Vivado\2021.2\lib\win64.o\librdi_runs.dll
Event: 207.841 Thread 0x000001d9bde4e800 Thread added: 0x000001d9bde4e800
Event: 207.846 Thread 0x000001d9bde4e800 Thread exited: 0x000001d9bde4e800


Dynamic libraries:
0x00007ff7b0c80000 - 0x00007ff7b0cb1000 	D:\Vivado\2021.2\bin\unwrapped\win64.o\vivado.exe
0x00007ffa3a2d0000 - 0x00007ffa3a4c5000 	C:\WINDOWS\SYSTEM32\ntdll.dll
0x00007ffa399e0000 - 0x00007ffa39a9e000 	C:\WINDOWS\System32\KERNEL32.DLL
0x00007ffa37c80000 - 0x00007ffa37f48000 	C:\WINDOWS\System32\KERNELBASE.dll
0x00007ffa38050000 - 0x00007ffa38150000 	C:\WINDOWS\System32\ucrtbase.dll
0x00007ffa34be0000 - 0x00007ffa34c6d000 	C:\WINDOWS\SYSTEM32\MSVCP140.dll
0x00007ffa34e90000 - 0x00007ffa34eab000 	C:\WINDOWS\SYSTEM32\VCRUNTIME140.dll
0x00007ffa34e80000 - 0x00007ffa34e8c000 	C:\WINDOWS\SYSTEM32\VCRUNTIME140_1.dll
0x00007ffa324f0000 - 0x00007ffa32508000 	D:\Vivado\2021.2\lib\win64.o\librdi_commonmain.dll
0x00007ff9bf600000 - 0x00007ff9c08ca000 	D:\Vivado\2021.2\lib\win64.o\librdi_common.dll
0x00007ffa39780000 - 0x00007ffa39921000 	C:\WINDOWS\System32\USER32.dll
0x00007ffa37b10000 - 0x00007ffa37b32000 	C:\WINDOWS\System32\win32u.dll
0x00007ffa38310000 - 0x00007ffa3833b000 	C:\WINDOWS\System32\GDI32.dll
0x00007ffa37b70000 - 0x00007ffa37c7d000 	C:\WINDOWS\System32\gdi32full.dll
0x00007ffa304f0000 - 0x00007ffa30511000 	D:\Vivado\2021.2\lib\win64.o\libboost_filesystem.dll
0x00007ffa37a70000 - 0x00007ffa37b0d000 	C:\WINDOWS\System32\msvcp_win.dll
0x00007ffa385b0000 - 0x00007ffa3865c000 	C:\WINDOWS\System32\ADVAPI32.dll
0x00007ffa32bb0000 - 0x00007ffa32bb9000 	D:\Vivado\2021.2\lib\win64.o\librdi_commonversion.dll
0x00007ffa38700000 - 0x00007ffa38e44000 	C:\WINDOWS\System32\SHELL32.dll
0x00007ffa39630000 - 0x00007ffa3969b000 	C:\WINDOWS\System32\WS2_32.dll
0x00007ffa394f0000 - 0x00007ffa3958e000 	C:\WINDOWS\System32\msvcrt.dll
0x00007ffa39ee0000 - 0x00007ffa3a00a000 	C:\WINDOWS\System32\RPCRT4.dll
0x00007ffa38660000 - 0x00007ffa386fb000 	C:\WINDOWS\System32\sechost.dll
0x00007ff9dbb00000 - 0x00007ff9dbca0000 	D:\Vivado\2021.2\lib\win64.o\librdi_commonxillic.dll
0x00007ffa37b40000 - 0x00007ffa37b67000 	C:\WINDOWS\System32\bcrypt.dll
0x00000000730f0000 - 0x000000007321b000 	D:\Vivado\2021.2\lib\win64.o\tcl85t.dll
0x00007ff9bf290000 - 0x00007ff9bf5fe000 	D:\Vivado\2021.2\lib\win64.o\libCOIN-all.dll
0x00007ffa317f0000 - 0x00007ffa31801000 	D:\Vivado\2021.2\lib\win64.o\libboost_date_time.dll
0x00007ffa11560000 - 0x00007ffa115d9000 	D:\Vivado\2021.2\lib\win64.o\libboost_program_options.dll
0x00007ffa0a560000 - 0x00007ffa0a674000 	D:\Vivado\2021.2\lib\win64.o\libboost_regex.dll
0x00007ffa30650000 - 0x00007ffa3066c000 	D:\Vivado\2021.2\lib\win64.o\libboost_thread.dll
0x00007ffa0cc00000 - 0x00007ffa0cc82000 	D:\Vivado\2021.2\lib\win64.o\libhdlpsolve.dll
0x00007ffa07050000 - 0x00007ffa070f5000 	D:\Vivado\2021.2\lib\win64.o\libhdxml.dll
0x00007ffa32b40000 - 0x00007ffa32b4c000 	D:\Vivado\2021.2\lib\win64.o\libboost_xilinx.dll
0x00007ffa16580000 - 0x00007ffa165e5000 	D:\Vivado\2021.2\lib\win64.o\liblmx6.0.dll
0x00007ffa16510000 - 0x00007ffa1653a000 	D:\Vivado\2021.2\lib\win64.o\libisl_sysinfo.dll
0x00007ffa23700000 - 0x00007ffa2371a000 	D:\Vivado\2021.2\lib\win64.o\pthreadVC2.dll
0x00007ffa23620000 - 0x00007ffa2363c000 	D:\Vivado\2021.2\lib\win64.o\librdiconfig.dll
0x00007ffa392d0000 - 0x00007ffa39325000 	C:\WINDOWS\System32\SHLWAPI.dll
0x00007ff9be2e0000 - 0x00007ff9bf28f800 	D:\Vivado\2021.2\lib\win64.o\libisl_iostreams.dll
0x00007ffa14a60000 - 0x00007ffa14a81000 	D:\Vivado\2021.2\lib\win64.o\librdizlib.dll
0x00007ffa234d0000 - 0x00007ffa234e8000 	C:\WINDOWS\SYSTEM32\NETAPI32.dll
0x00007ffa1cb30000 - 0x00007ffa1d008000 	C:\WINDOWS\SYSTEM32\WININET.dll
0x00007ff9be010000 - 0x00007ff9be2d1000 	D:\Vivado\2021.2\lib\win64.o\xerces-c_3_2.dll
0x00007ffa2e200000 - 0x00007ffa2e30c000 	C:\WINDOWS\SYSTEM32\WINHTTP.dll
0x00007ffa1d590000 - 0x00007ffa1d77b000 	C:\WINDOWS\SYSTEM32\urlmon.dll
0x00007ffa23370000 - 0x00007ffa23379000 	C:\WINDOWS\SYSTEM32\WSOCK32.dll
0x00007ffa11350000 - 0x00007ffa11381000 	C:\WINDOWS\SYSTEM32\VCOMP140.DLL
0x00007ff9bc0f0000 - 0x00007ff9be007000 	D:\Vivado\2021.2\lib\win64.o\gurobi90.dll
0x00007ffa38150000 - 0x00007ffa382a6000 	C:\WINDOWS\System32\CRYPT32.dll
0x00007ffa39e20000 - 0x00007ffa39e76000 	C:\WINDOWS\System32\WLDAP32.dll
0x00007ffa394e0000 - 0x00007ffa394e8000 	C:\WINDOWS\System32\Normaliz.dll
0x00007ff9bbdd0000 - 0x00007ff9bc0e6000 	D:\Vivado\2021.2\lib\win64.o\libXil_lmgr11.dll
0x00007ffa396a0000 - 0x00007ffa3977a000 	C:\WINDOWS\System32\COMDLG32.dll
0x00007ffa39ac0000 - 0x00007ffa39e15000 	C:\WINDOWS\System32\combase.dll
0x00007ffa38340000 - 0x00007ffa383ed000 	C:\WINDOWS\System32\shcore.dll
0x00007ffa3a010000 - 0x00007ffa3a0dd000 	C:\WINDOWS\System32\OLEAUT32.dll
0x00007ffa393b0000 - 0x00007ffa394da000 	C:\WINDOWS\System32\ole32.dll
0x00007ffa23110000 - 0x00007ffa23128000 	D:\Vivado\2021.2\lib\win64.o\libboost_iostreams.dll
0x00007ffa11250000 - 0x00007ffa11274000 	D:\Vivado\2021.2\lib\win64.o\libisl_iosutils.dll
0x00007ffa382b0000 - 0x00007ffa38310000 	C:\WINDOWS\System32\WINTRUST.dll
0x00007ffa1d2e0000 - 0x00007ffa1d590000 	C:\WINDOWS\SYSTEM32\iertutil.dll
0x00007ffa2e330000 - 0x00007ffa2e358000 	C:\WINDOWS\SYSTEM32\srvcli.dll
0x00007ffa36f00000 - 0x00007ffa36f0c000 	C:\WINDOWS\SYSTEM32\netutils.dll
0x00007ffa194d0000 - 0x00007ffa19580000 	C:\WINDOWS\WinSxS\amd64_microsoft.windows.common-controls_6595b64144ccf1df_5.82.19041.1110_none_792d1c772443f647\COMCTL32.dll
0x00007ffa2f620000 - 0x00007ffa2f63d000 	C:\WINDOWS\SYSTEM32\dhcpcsvc.DLL
0x00007ffa378a0000 - 0x00007ffa378ce000 	C:\WINDOWS\SYSTEM32\USERENV.dll
0x00007ffa37130000 - 0x00007ffa3719a000 	C:\WINDOWS\SYSTEM32\MSWSOCK.DLL
0x00007ffa395a0000 - 0x00007ffa395d0000 	C:\WINDOWS\System32\IMM32.DLL
0x00007ffa375c0000 - 0x00007ffa375d2000 	C:\WINDOWS\SYSTEM32\MSASN1.dll
0x00007ffa36270000 - 0x00007ffa36282000 	C:\WINDOWS\SYSTEM32\kernel.appcore.dll
0x00007ff9bb890000 - 0x00007ff9bbdc3000 	D:\Vivado\2021.2\lib\win64.o\librdi_commontasks.dll
0x00007ffa2c170000 - 0x00007ffa2c17a000 	C:\WINDOWS\SYSTEM32\VERSION.dll
0x00007ff9bb560000 - 0x00007ff9bb885a00 	D:\Vivado\2021.2\lib\win64.o\librdi_sio.dll
0x00007ffa36df0000 - 0x00007ffa36e2b000 	C:\WINDOWS\SYSTEM32\IPHLPAPI.DLL
0x00007ff9baa10000 - 0x00007ff9bb55d000 	D:\Vivado\2021.2\tps\win64\jre11.0.11_9\bin\server\jvm.dll
0x00007ffa385a0000 - 0x00007ffa385a8000 	C:\WINDOWS\System32\PSAPI.DLL
0x00007ffa19950000 - 0x00007ffa19977000 	C:\WINDOWS\SYSTEM32\WINMM.dll
0x00007ffa12920000 - 0x00007ffa12937000 	C:\WINDOWS\system32\napinsp.dll
0x00007ffa12900000 - 0x00007ffa1291b000 	C:\WINDOWS\system32\pnrpnsp.dll
0x00007ffa128e0000 - 0x00007ffa128f5000 	C:\WINDOWS\system32\wshbth.dll
0x00007ffa32c00000 - 0x00007ffa32c1d000 	C:\WINDOWS\system32\NLAapi.dll
0x00007ffa36e30000 - 0x00007ffa36efb000 	C:\WINDOWS\SYSTEM32\DNSAPI.dll
0x00007ffa39590000 - 0x00007ffa39598000 	C:\WINDOWS\System32\NSI.dll
0x00007ffa127a0000 - 0x00007ffa127b2000 	C:\WINDOWS\System32\winrnr.dll
0x00007ffa356c0000 - 0x00007ffa35e54000 	C:\WINDOWS\SYSTEM32\windows.storage.dll
0x00007ffa37350000 - 0x00007ffa3737e000 	C:\WINDOWS\SYSTEM32\Wldp.dll
0x00007ff9b7e00000 - 0x00007ff9baa0c000 	D:\Vivado\2021.2\lib\win64.o\librdi_tcltasks.dll
0x00007ffa0c120000 - 0x00007ffa0c164000 	D:\Vivado\2021.2\lib\win64.o\libboost_serialization.dll
0x00007ff9db940000 - 0x00007ff9dbafd000 	D:\Vivado\2021.2\lib\win64.o\librdi_board.dll
0x00007ff9b7930000 - 0x00007ff9b7df8000 	D:\Vivado\2021.2\lib\win64.o\librdi_bitstream.dll
0x00007ff9db720000 - 0x00007ff9db847000 	D:\Vivado\2021.2\lib\win64.o\librdi_chipscope.dll
0x00007ff9b7730000 - 0x00007ff9b7927000 	D:\Vivado\2021.2\lib\win64.o\librdi_chipscopeimpl.dll
0x00007ffa056f0000 - 0x00007ffa05770000 	D:\Vivado\2021.2\lib\win64.o\librdi_boarddep.dll
0x00007ff9cd880000 - 0x00007ff9cd9e2000 	D:\Vivado\2021.2\lib\win64.o\librdi_containers.dll
0x00007ff9b57c0000 - 0x00007ff9b7726000 	D:\Vivado\2021.2\lib\win64.o\librdi_constraints.dll
0x00007ff9b2ba0000 - 0x00007ff9b32c0000 	D:\Vivado\2021.2\lib\win64.o\librdi_coregenipxact.dll
0x00007ff9b08e0000 - 0x00007ff9b0c48000 	D:\Vivado\2021.2\lib\win64.o\librdi_dlyest.dll
0x00007ff9b0c50000 - 0x00007ff9b2b98000 	D:\Vivado\2021.2\lib\win64.o\librdi_designutils.dll
0x00007ffa02240000 - 0x00007ffa022f5000 	D:\Vivado\2021.2\lib\win64.o\librdi_dsp.dll
0x00007ff9b32c0000 - 0x00007ff9b57b2000 	D:\Vivado\2021.2\lib\win64.o\librdi_coregen.dll
0x00007ff9b0240000 - 0x00007ff9b08de000 	D:\Vivado\2021.2\lib\win64.o\librdi_drc.dll
0x00007ff9afbc0000 - 0x00007ff9b023e000 	D:\Vivado\2021.2\lib\win64.o\librdi_filemgmt.dll
0x00007ffa0a4f0000 - 0x00007ffa0a559000 	D:\Vivado\2021.2\lib\win64.o\librdi_hdf.dll
0x00007ff9af890000 - 0x00007ff9afbb4000 	D:\Vivado\2021.2\lib\win64.o\librdi_guitools.dll
0x00007ff9af5e0000 - 0x00007ff9af88f000 	D:\Vivado\2021.2\lib\win64.o\librdi_hip_devdesign.dll
0x00007ff9af490000 - 0x00007ff9af5d7000 	D:\Vivado\2021.2\lib\win64.o\librdi_hip_perf_analysis.dll
0x00007ff9ae720000 - 0x00007ff9af48b000 	D:\Vivado\2021.2\lib\win64.o\librdi_implflow.dll
0x00007ff93f550000 - 0x00007ff95ec12000 	D:\Vivado\2021.2\lib\win64.o\librdi_device.dll
0x00007ff9adf00000 - 0x00007ff9ae5f4000 	D:\Vivado\2021.2\lib\win64.o\librdi_lopt.dll
0x00007ff9ae600000 - 0x00007ff9ae716000 	D:\Vivado\2021.2\lib\win64.o\librdi_ipconfig_readwrite.dll
0x00007ff9ad8b0000 - 0x00007ff9adf00000 	D:\Vivado\2021.2\lib\win64.o\librdi_memdata.dll
0x00007ffa01550000 - 0x00007ffa015c3000 	D:\Vivado\2021.2\lib\win64.o\librdi_memoryarray.dll
0x00007ffa013f0000 - 0x00007ffa01463000 	D:\Vivado\2021.2\lib\win64.o\librdi_noc_frameworks.dll
0x00007ffa05a90000 - 0x00007ffa05ae7000 	D:\Vivado\2021.2\lib\win64.o\librdi_pfi.dll
0x00007ff9aac60000 - 0x00007ff9ab39b000 	D:\Vivado\2021.2\lib\win64.o\librdi_netlist.dll
0x00007ff9a7a80000 - 0x00007ff9a7e70000 	D:\Vivado\2021.2\lib\win64.o\librdi_platform.dll
0x00007ff9a71c0000 - 0x00007ff9a7a79000 	D:\Vivado\2021.2\lib\win64.o\librdi_power.dll
0x00007ff9a6ad0000 - 0x00007ff9a71b3000 	D:\Vivado\2021.2\lib\win64.o\librdi_project.dll
0x00007ff9a7e70000 - 0x00007ff9aac52000 	D:\Vivado\2021.2\lib\win64.o\librdi_place.dll
0x00007ff9a63a0000 - 0x00007ff9a6acc000 	D:\Vivado\2021.2\lib\win64.o\librdi_psta.dll
0x00007ff9ab3a0000 - 0x00007ff9ad8ab000 	D:\Vivado\2021.2\lib\win64.o\librdi_mig.dll
0x00007ff9a5ae0000 - 0x00007ff9a639e000 	D:\Vivado\2021.2\lib\win64.o\librdi_rsb.dll
0x00007ff9a5480000 - 0x00007ff9a5597000 	D:\Vivado\2021.2\lib\win64.o\librdi_runsbase.dll
0x00007ff9a55a0000 - 0x00007ff9a5adf000 	D:\Vivado\2021.2\lib\win64.o\librdi_runs.dll
0x00007ff9a5200000 - 0x00007ff9a547b000 	D:\Vivado\2021.2\lib\win64.o\librdi_simdata.dll
0x00007ffa00d60000 - 0x00007ffa00e07000 	D:\Vivado\2021.2\lib\win64.o\librdi_xhubtasks.dll
0x00007ff9a4020000 - 0x00007ff9a4134000 	D:\Vivado\2021.2\lib\win64.o\librdi_xhub.dll

dbghelp: loaded successfully - version: 4.0.5 - missing functions: none
symbol engine: initialized successfully - sym options: 0x614 - pdb path: .;D:\Vivado\2021.2\bin\unwrapped\win64.o;C:\WINDOWS\SYSTEM32;D:\Vivado\2021.2\lib\win64.o;C:\WINDOWS\WinSxS\amd64_microsoft.windows.common-controls_6595b64144ccf1df_5.82.19041.1110_none_792d1c772443f647;D:\Vivado\2021.2\tps\win64\jre11.0.11_9\bin\server;D:\Vivado\2021.2\tps\win64\python-3.8.3;D:\Vivado\2021.2\tps\win64\jre11.0.11_9\bin;C:\WINDOWS\WinSxS\amd64_microsoft.windows.common-controls_6595b64144ccf1df_6.0.19041.1110_none_60b5254171f9507e;C:\ProgramData\Microsoft\Windows Defender\Platform\4.18.2111.5-0

VM Arguments:
jvm_args: -Dsun.java2d.pmoffscreen=false -Dhttps.protocols=TLSv1,TLSv1.1,TLSv1.2 -Dsun.java2d.xrender=false -Dsun.java2d.d3d=false -Dsun.awt.nopixfmt=true -Dsun.java2d.dpiaware=true -Dsun.java2d.uiScale.enabled=false -Xverify:none -Dswing.aatext=true -XX:-UsePerfData -Djdk.map.althashing.threshold=512 -XX:StringTableSize=4072 --add-opens=java.base/java.nio=ALL-UNNAMED --add-opens=java.desktop/sun.swing=ALL-UNNAMED --add-opens=java.desktop/javax.swing=ALL-UNNAMED --add-opens=java.desktop/javax.swing.tree=ALL-UNNAMED --add-opens=java.desktop/javax.swing.plaf.basic=ALL-UNNAMED --add-opens=java.desktop/javax.swing.plaf.synth=ALL-UNNAMED --add-opens=java.desktop/com.sun.awt=ALL-UNNAMED -XX:NewSize=60m -XX:MaxNewSize=60m -Xms256m -Xmx3072m -Xss5m 
java_command: <unknown>
java_class_path (initial): D:/Vivado/2021.2\lib\classes\alloy.jar;D:/Vivado/2021.2\lib\classes\autoesl-models.jar;D:/Vivado/2021.2\lib\classes\batik-anim.jar;D:/Vivado/2021.2\lib\classes\batik-awt-util.jar;D:/Vivado/2021.2\lib\classes\batik-bridge.jar;D:/Vivado/2021.2\lib\classes\batik-codec.jar;D:/Vivado/2021.2\lib\classes\batik-css.jar;D:/Vivado/2021.2\lib\classes\batik-dom.jar;D:/Vivado/2021.2\lib\classes\batik-ext.jar;D:/Vivado/2021.2\lib\classes\batik-gui-util.jar;D:/Vivado/2021.2\lib\classes\batik-gvt.jar;D:/Vivado/2021.2\lib\classes\batik-parser.jar;D:/Vivado/2021.2\lib\classes\batik-script.jar;D:/Vivado/2021.2\lib\classes\batik-svg-dom.jar;D:/Vivado/2021.2\lib\classes\batik-svggen.jar;D:/Vivado/2021.2\lib\classes\batik-swing.jar;D:/Vivado/2021.2\lib\classes\batik-transcoder.jar;D:/Vivado/2021.2\lib\classes\batik-util.jar;D:/Vivado/2021.2\lib\classes\batik-xml.jar;D:/Vivado/2021.2\lib\classes\com.google.gson_2.8.2.v20180104-1110.jar;D:/Vivado/2021.2\lib\classes\com.google.guava_27.1.0.v20190517-1946.jar;D:/Vivado/2021.2\lib\classes\com.sigasi.hdt.connection_4.11.0.202105170810.jar;D:/Vivado/2021.2\lib\classes\com.sigasi.hdt.epl_4.11.0.202105170810.jar;D:/Vivado/2021.2\lib\classes\com.sigasi.hdt.project_4.11.0.202105170810.jar;D:/Vivado/2021.2\lib\classes\com.sigasi.hdt.readonlyfilesystem_4.11.0.202105170810.jar;D:/Vivado/2021.2\lib\classes\com.sigasi.hdt.shared_4.11.0.202105170810.jar;D:/Vivado/2021.2\lib\classes\com.sigasi.lcm_4.11.0.202105170810.jar;D:/Vivado/2021.2\lib\classes\com.sigasi.sdk.client_4.11.0.202105170810.jar;D:/Vivado/2021.2\lib\classes\commons-collections4-4.1.jar;D:/Vivado/2021.2\lib\classes\commons-io-2.6.jar;D:/Vivado/2021.2\lib\classes\commons-math-2.2.jar;D:/Vivado/2021.2\lib\classes\Dispatch.jar;D:/Vivado/2021.2\lib\classes\DispatchClient.jar;D:/Vivado/2021.2\lib\classes\DispatchClientEx.jar;D:/Vivado/2021.2\lib\classes\dom4j-1.6.1.jar;D:/Vivado/2021.2\lib\classes\FrankFrameworks.jar;D:/Vivado/2021.2\lib\classes\FrankFrameworksTest.j
Launcher Type: generic

[Global flags]
     bool BytecodeVerificationLocal                = false                                     {product} {command line}
     bool BytecodeVerificationRemote               = false                                     {product} {command line}
     intx CICompilerCount                          = 3                                         {product} {ergonomic}
     uint ConcGCThreads                            = 1                                         {product} {ergonomic}
     uint G1ConcRefinementThreads                  = 4                                         {product} {ergonomic}
   size_t G1HeapRegionSize                         = 1048576                                   {product} {ergonomic}
    uintx GCDrainStackTargetSize                   = 64                                        {product} {ergonomic}
   size_t InitialHeapSize                          = 268435456                                 {product} {command line}
   size_t MarkStackSize                            = 4194304                                   {product} {ergonomic}
   size_t MaxHeapSize                              = 3221225472                                {product} {command line}
   size_t MaxNewSize                               = 62914560                                  {product} {command line}
   size_t MinHeapDeltaBytes                        = 1048576                                   {product} {ergonomic}
   size_t NewSize                                  = 62914560                                  {product} {command line}
    uintx NonNMethodCodeHeapSize                   = 5830732                                {pd product} {ergonomic}
    uintx NonProfiledCodeHeapSize                  = 122913754                              {pd product} {ergonomic}
    uintx ProfiledCodeHeapSize                     = 122913754                              {pd product} {ergonomic}
    uintx ReservedCodeCacheSize                    = 251658240                              {pd product} {ergonomic}
     bool SegmentedCodeCache                       = true                                      {product} {ergonomic}
    uintx StringTableSize                          = 4072                                      {product} {command line}
     intx ThreadStackSize                          = 5120                                   {pd product} {command line}
     bool UseCompressedClassPointers               = true                                 {lp64_product} {ergonomic}
     bool UseCompressedOops                        = true                                 {lp64_product} {ergonomic}
     bool UseG1GC                                  = true                                      {product} {ergonomic}
     bool UseLargePagesIndividualAllocation        = false                                  {pd product} {ergonomic}
     bool UsePerfData                              = false                                     {product} {command line}

Logging:
Log output configuration:
 #0: stdout all=warning uptime,level,tags
 #1: stderr all=off uptime,level,tags

Environment Variables:
JAVA_HOME=E:\JAVA\JDK
CLASSPATH=.;E:\JAVA\JDK\lib\dt.jar;E:\JAVA\JDK\lib\tools.jar;D:\学习\apache-tomcat-9.0.55\lib\servlet-api.jar;
PATH=D:/Vivado/2021.2\gnuwin\bin;D:/Vivado/2021.2\gnu\microblaze\nt\bin;D:/Vivado/2021.2/bin;D:/Vivado/2021.2/tps/win64/javafx-sdk-11.0.2/lib;D:/Vivado/2021.2/tps/win64/javafx-sdk-11.0.2/bin;D:/Vivado/2021.2/lib/win64.o;D:/Vivado/2021.2/tps/win64/jre11.0.11_9/bin/server;D:/Vivado/2021.2/tps/win64/jre11.0.11_9/bin;D:/Vivado/2021.2/ids_lite/ISE/bin/nt64;D:/Vivado/2021.2/ids_lite/ISE/lib/nt64;D:/Vitis_HLS/2021.2/bin;D:\VMware\bin\;C:\Program Files\Common Files\Oracle\Java\javapath;C:\WINDOWS\system32;C:\WINDOWS;C:\WINDOWS\System32\Wbem;C:\WINDOWS\System32\WindowsPowerShell\v1.0\;C:\WINDOWS\System32\OpenSSH\;C:\Program Files\dotnet\;xvlog --version;D:\mysql\mysql-8.0.26-winx64\bin;D:\学习\Xftp\;D;\学习\Xshell\;D:\学习\Git\cmd;D:\学习\maven\apache-maven-3.8.2\bin;E:\JAVA\jdk\bin;D:\学习\node.js\;C:\Program Files (x86)\NVIDIA Corporation\PhysX\Common;C:\Program Files\Docker\Docker\resources\bin;C:\ProgramData\DockerDesktop\version-bin;D:\学习\Xshell\;D:\学习\apache-tomcat-9.0.55\bin;D:\学习\apache-tomcat-9.0.55\lib;E:\Miniconda;E:\Miniconda\Library\mingw-w64\bin;E:\Miniconda\Library\usr\bin;E:\Miniconda\Library\bin;E:\Miniconda\Scripts;C:\Program Files\MySQL\MySQL Shell 8.0\bin\;E:\Python\Scripts\;E:\Python\;C:\Users\wlt\AppData\Local\Microsoft\WindowsApps;C:\Users\wlt\AppData\Local\Programs\Microsoft VS Code\bin;D:\Microsoft VS Code\bin;C:\Users\wlt\.dotnet\tools;D:\Vivado\2019.1\bin;D:\PyCharm 2021.2\bin;;D:\学习\IntelliJ IDEA 2021.2.1\bin;C:\Users\wlt\AppData\Roaming\npm;D:/Vivado/2021.2\tps\mingw\6.2.0\win64.o\nt\bin;D:/Vivado/2021.2\tps\mingw\6.2.0\win64.o\nt\libexec\gcc\x86_64-w64-mingw32\6.2.0;D:/Vivado/2021.2\tps\win64\python-3.8.3;D:/Vivado/2021.2\tps\win64\python-3.8.3\bin;D:/Vivado/2021.2\tps\win64\python-3.8.3\lib;D:/Vivado/2021.2\tps\win64\python-3.8.3\lib\site-packages
USERNAME=wlt
OS=Windows_NT
PROCESSOR_IDENTIFIER=Intel64 Family 6 Model 158 Stepping 9, GenuineIntel



---------------  S Y S T E M  ---------------

OS: Windows 10 , 64 bit Build 19041 (10.0.19041.1348)
OS uptime: 2 days 1:00 hours
Hyper-V role detected

CPU:total 4 (initial active 4) (4 cores per cpu, 1 threads per core) family 6 model 158 stepping 9 microcode 0xb4, cmov, cx8, fxsr, mmx, sse, sse2, sse3, ssse3, sse4.1, sse4.2, popcnt, avx, avx2, aes, clmul, erms, 3dnowpref, lzcnt, tsc, tscinvbit, bmi1, bmi2, adx, fma

Memory: 4k page, system-wide physical 20345M (11441M free)
TotalPageFile size 27001M (AvailPageFile size 15160M)
current process WorkingSet (physical memory assigned to process): 945M, peak: 1257M
current process commit charge ("private bytes"): 1035M, peak: 1239M

vm_info: OpenJDK 64-Bit Server VM (11.0.11+9) for windows-amd64 JRE (11.0.11+9), built on Apr  9 2021 19:32:08 by "" with MS VC++ 15.5 (VS2017)

END.
